{"/home/travis/build/npmtest/node-npmtest-react-dates/test.js":{"path":"/home/travis/build/npmtest/node-npmtest-react-dates/test.js","s":{"1":2,"2":2,"3":2,"4":2,"5":2,"6":2,"7":2,"8":1,"9":2,"10":2,"11":1,"12":1,"13":1,"14":1,"15":2,"16":2,"17":2,"18":2,"19":1,"20":1,"21":2,"22":2,"23":2,"24":1,"25":1,"26":1,"27":1,"28":1,"29":1,"30":1,"31":1,"32":1,"33":1,"34":1,"35":1,"36":1,"37":1,"38":1,"39":2,"40":2,"41":1,"42":2,"43":2,"44":1,"45":2,"46":2,"47":1,"48":2,"49":2,"50":1,"51":1,"52":1,"53":1,"54":1},"b":{"1":[2,1,1,1],"2":[1,1,1,1],"3":[1,1],"4":[1,1],"5":[1,1],"6":[1,1],"7":[1,1],"8":[1,1],"9":[1,1],"10":[1,1,1],"11":[1,1],"12":[1,1],"13":[1,1],"14":[1,1],"15":[1,1],"16":[1,1],"17":[1,1]},"f":{"1":2,"2":2,"3":2,"4":2,"5":2,"6":1,"7":1,"8":1,"9":2,"10":2,"11":2,"12":2,"13":1},"fnMap":{"1":{"name":"(anonymous_1)","line":12,"loc":{"start":{"line":12,"column":1},"end":{"line":12,"column":13}}},"2":{"name":"(anonymous_2)","line":19,"loc":{"start":{"line":19,"column":5},"end":{"line":19,"column":17}}},"3":{"name":"(anonymous_3)","line":23,"loc":{"start":{"line":23,"column":24},"end":{"line":23,"column":36}}},"4":{"name":"(anonymous_4)","line":61,"loc":{"start":{"line":61,"column":5},"end":{"line":61,"column":17}}},"5":{"name":"(anonymous_5)","line":82,"loc":{"start":{"line":82,"column":5},"end":{"line":82,"column":17}}},"6":{"name":"(anonymous_6)","line":91,"loc":{"start":{"line":91,"column":77},"end":{"line":94,"column":10}}},"7":{"name":"(anonymous_7)","line":112,"loc":{"start":{"line":112,"column":83},"end":{"line":115,"column":10}},"skip":true},"8":{"name":"(anonymous_8)","line":123,"loc":{"start":{"line":123,"column":77},"end":{"line":126,"column":10}},"skip":true},"9":{"name":"(anonymous_9)","line":139,"loc":{"start":{"line":139,"column":12},"end":{"line":139,"column":40}},"skip":true},"10":{"name":"(anonymous_10)","line":147,"loc":{"start":{"line":147,"column":77},"end":{"line":150,"column":10}},"skip":true},"11":{"name":"(anonymous_11)","line":158,"loc":{"start":{"line":158,"column":83},"end":{"line":161,"column":10}},"skip":true},"12":{"name":"(anonymous_12)","line":169,"loc":{"start":{"line":169,"column":79},"end":{"line":172,"column":10}},"skip":true},"13":{"name":"(anonymous_13)","line":180,"loc":{"start":{"line":180,"column":75},"end":{"line":183,"column":10}},"skip":true}},"statementMap":{"1":{"start":{"line":12,"column":0},"end":{"line":195,"column":5}},"2":{"start":{"line":14,"column":4},"end":{"line":14,"column":14}},"3":{"start":{"line":19,"column":4},"end":{"line":56,"column":9}},"4":{"start":{"line":21,"column":8},"end":{"line":21,"column":19}},"5":{"start":{"line":23,"column":8},"end":{"line":35,"column":13}},"6":{"start":{"line":24,"column":12},"end":{"line":34,"column":13}},"7":{"start":{"line":25,"column":16},"end":{"line":28,"column":30}},"8":{"start":{"line":30,"column":16},"end":{"line":33,"column":27}},"9":{"start":{"line":37,"column":8},"end":{"line":39,"column":21}},"10":{"start":{"line":40,"column":8},"end":{"line":53,"column":9}},"11":{"start":{"line":43,"column":12},"end":{"line":46,"column":14}},"12":{"start":{"line":47,"column":12},"end":{"line":47,"column":18}},"13":{"start":{"line":50,"column":12},"end":{"line":51,"column":46}},"14":{"start":{"line":52,"column":12},"end":{"line":52,"column":18}},"15":{"start":{"line":55,"column":8},"end":{"line":55,"column":35}},"16":{"start":{"line":61,"column":4},"end":{"line":63,"column":9}},"17":{"start":{"line":62,"column":8},"end":{"line":62,"column":15}},"18":{"start":{"line":64,"column":4},"end":{"line":77,"column":5}},"19":{"start":{"line":70,"column":8},"end":{"line":70,"column":14}},"20":{"start":{"line":76,"column":8},"end":{"line":76,"column":14}},"21":{"start":{"line":82,"column":4},"end":{"line":84,"column":9}},"22":{"start":{"line":83,"column":8},"end":{"line":83,"column":15}},"23":{"start":{"line":85,"column":4},"end":{"line":194,"column":5}},"24":{"start":{"line":91,"column":8},"end":{"line":99,"column":10}},"25":{"start":{"line":98,"column":12},"end":{"line":98,"column":35}},"26":{"start":{"line":102,"column":8},"end":{"line":104,"column":63}},"27":{"start":{"line":105,"column":8},"end":{"line":105,"column":14}},"28":{"start":{"line":112,"column":8},"end":{"line":121,"column":10},"skip":true},"29":{"start":{"line":119,"column":12},"end":{"line":119,"column":55},"skip":true},"30":{"start":{"line":120,"column":12},"end":{"line":120,"column":48},"skip":true},"31":{"start":{"line":123,"column":8},"end":{"line":136,"column":10},"skip":true},"32":{"start":{"line":130,"column":12},"end":{"line":130,"column":76},"skip":true},"33":{"start":{"line":131,"column":12},"end":{"line":131,"column":73},"skip":true},"34":{"start":{"line":132,"column":12},"end":{"line":132,"column":74},"skip":true},"35":{"start":{"line":133,"column":12},"end":{"line":133,"column":79},"skip":true},"36":{"start":{"line":134,"column":12},"end":{"line":134,"column":25},"skip":true},"37":{"start":{"line":135,"column":12},"end":{"line":135,"column":45},"skip":true},"38":{"start":{"line":138,"column":8},"end":{"line":145,"column":14},"skip":true},"39":{"start":{"line":143,"column":16},"end":{"line":143,"column":29},"skip":true},"40":{"start":{"line":144,"column":16},"end":{"line":144,"column":55},"skip":true},"41":{"start":{"line":147,"column":8},"end":{"line":156,"column":10},"skip":true},"42":{"start":{"line":154,"column":12},"end":{"line":154,"column":25},"skip":true},"43":{"start":{"line":155,"column":12},"end":{"line":155,"column":45},"skip":true},"44":{"start":{"line":158,"column":8},"end":{"line":167,"column":10},"skip":true},"45":{"start":{"line":165,"column":12},"end":{"line":165,"column":25},"skip":true},"46":{"start":{"line":166,"column":12},"end":{"line":166,"column":48},"skip":true},"47":{"start":{"line":169,"column":8},"end":{"line":178,"column":10},"skip":true},"48":{"start":{"line":176,"column":12},"end":{"line":176,"column":25},"skip":true},"49":{"start":{"line":177,"column":12},"end":{"line":177,"column":46},"skip":true},"50":{"start":{"line":180,"column":8},"end":{"line":189,"column":10},"skip":true},"51":{"start":{"line":187,"column":12},"end":{"line":187,"column":94},"skip":true},"52":{"start":{"line":188,"column":12},"end":{"line":188,"column":48},"skip":true},"53":{"start":{"line":192,"column":8},"end":{"line":192,"column":35},"skip":true},"54":{"start":{"line":193,"column":8},"end":{"line":193,"column":14},"skip":true}},"branchMap":{"1":{"line":25,"type":"binary-expr","locations":[{"start":{"line":25,"column":23},"end":{"line":25,"column":62}},{"start":{"line":26,"column":20},"end":{"line":26,"column":70}},{"start":{"line":27,"column":20},"end":{"line":27,"column":71}},{"start":{"line":28,"column":20},"end":{"line":28,"column":29}}]},"2":{"line":30,"type":"binary-expr","locations":[{"start":{"line":30,"column":23},"end":{"line":30,"column":37}},{"start":{"line":31,"column":20},"end":{"line":31,"column":61}},{"start":{"line":32,"column":20},"end":{"line":32,"column":70}},{"start":{"line":33,"column":20},"end":{"line":33,"column":26}}]},"3":{"line":37,"type":"cond-expr","locations":[{"start":{"line":38,"column":14},"end":{"line":38,"column":20}},{"start":{"line":39,"column":14},"end":{"line":39,"column":20}}]},"4":{"line":40,"type":"switch","locations":[{"start":{"line":42,"column":8},"end":{"line":47,"column":18}},{"start":{"line":49,"column":8},"end":{"line":52,"column":18}}]},"5":{"line":44,"type":"binary-expr","locations":[{"start":{"line":44,"column":16},"end":{"line":44,"column":44}},{"start":{"line":44,"column":48},"end":{"line":44,"column":66}}]},"6":{"line":50,"type":"binary-expr","locations":[{"start":{"line":50,"column":21},"end":{"line":50,"column":49}},{"start":{"line":50,"column":53},"end":{"line":50,"column":72}}]},"7":{"line":64,"type":"switch","locations":[{"start":{"line":69,"column":4},"end":{"line":70,"column":14}},{"start":{"line":75,"column":4},"end":{"line":76,"column":14}}]},"8":{"line":85,"type":"switch","locations":[{"start":{"line":90,"column":4},"end":{"line":105,"column":14}},{"start":{"line":111,"column":4},"end":{"line":193,"column":14},"skip":true}]},"9":{"line":91,"type":"binary-expr","locations":[{"start":{"line":91,"column":42},"end":{"line":91,"column":73}},{"start":{"line":91,"column":77},"end":{"line":99,"column":9}}]},"10":{"line":102,"type":"binary-expr","locations":[{"start":{"line":102,"column":18},"end":{"line":102,"column":32}},{"start":{"line":103,"column":12},"end":{"line":103,"column":53}},{"start":{"line":104,"column":12},"end":{"line":104,"column":61}}]},"11":{"line":112,"type":"binary-expr","locations":[{"start":{"line":112,"column":45},"end":{"line":112,"column":79},"skip":true},{"start":{"line":112,"column":83},"end":{"line":121,"column":9},"skip":true}]},"12":{"line":123,"type":"binary-expr","locations":[{"start":{"line":123,"column":42},"end":{"line":123,"column":73},"skip":true},{"start":{"line":123,"column":77},"end":{"line":136,"column":9},"skip":true}]},"13":{"line":138,"type":"binary-expr","locations":[{"start":{"line":138,"column":48},"end":{"line":138,"column":85},"skip":true},{"start":{"line":139,"column":12},"end":{"line":145,"column":13},"skip":true}]},"14":{"line":147,"type":"binary-expr","locations":[{"start":{"line":147,"column":42},"end":{"line":147,"column":73},"skip":true},{"start":{"line":147,"column":77},"end":{"line":156,"column":9},"skip":true}]},"15":{"line":158,"type":"binary-expr","locations":[{"start":{"line":158,"column":45},"end":{"line":158,"column":79},"skip":true},{"start":{"line":158,"column":83},"end":{"line":167,"column":9},"skip":true}]},"16":{"line":169,"type":"binary-expr","locations":[{"start":{"line":169,"column":43},"end":{"line":169,"column":75},"skip":true},{"start":{"line":169,"column":79},"end":{"line":178,"column":9},"skip":true}]},"17":{"line":180,"type":"binary-expr","locations":[{"start":{"line":180,"column":41},"end":{"line":180,"column":71},"skip":true},{"start":{"line":180,"column":75},"end":{"line":189,"column":9},"skip":true}]}},"code":["/* istanbul instrument in package npmtest_react_dates */","/*jslint","    bitwise: true,","    browser: true,","    maxerr: 8,","    maxlen: 96,","    node: true,","    nomen: true,","    regexp: true,","    stupid: true","*/","(function () {","    'use strict';","    var local;","","","","    // run shared js-env code - pre-init","    (function () {","        // init local","        local = {};","        // init modeJs","        local.modeJs = (function () {","            try {","                return typeof navigator.userAgent === 'string' &&","                    typeof document.querySelector('body') === 'object' &&","                    typeof XMLHttpRequest.prototype.open === 'function' &&","                    'browser';","            } catch (errorCaughtBrowser) {","                return module.exports &&","                    typeof process.versions.node === 'string' &&","                    typeof require('http').createServer === 'function' &&","                    'node';","            }","        }());","        // init global","        local.global = local.modeJs === 'browser'","            ? window","            : global;","        switch (local.modeJs) {","        // re-init local from window.local","        case 'browser':","            local = local.global.utility2.objectSetDefault(","                local.global.utility2_rollup || local.global.local,","                local.global.utility2","            );","            break;","        // re-init local from example.js","        case 'node':","            local = (local.global.utility2_rollup || require('utility2'))","                .requireExampleJsFromReadme();","            break;","        }","        // export local","        local.global.local = local;","    }());","","","","    // run shared js-env code - function","    (function () {","        return;","    }());","    switch (local.modeJs) {","","","","    // run browser js-env code - function","    case 'browser':","        break;","","","","    // run node js-env code - function","    case 'node':","        break;","    }","","","","    // run shared js-env code - post-init","    (function () {","        return;","    }());","    switch (local.modeJs) {","","","","    // run browser js-env code - post-init","    case 'browser':","        local.testCase_browser_nullCase = local.testCase_browser_nullCase || function (","            options,","            onError","        ) {","        /*","         * this function will test browsers's null-case handling-behavior-behavior","         */","            onError(null, options);","        };","","        // run tests","        local.nop(local.modeTest &&","            document.querySelector('#testRunButton1') &&","            document.querySelector('#testRunButton1').click());","        break;","","","","    // run node js-env code - post-init","    /* istanbul ignore next */","    case 'node':","        local.testCase_buildApidoc_default = local.testCase_buildApidoc_default || function (","            options,","            onError","        ) {","        /*","         * this function will test buildApidoc's default handling-behavior-behavior","         */","            options = { modulePathList: module.paths };","            local.buildApidoc(options, onError);","        };","","        local.testCase_buildApp_default = local.testCase_buildApp_default || function (","            options,","            onError","        ) {","        /*","         * this function will test buildApp's default handling-behavior-behavior","         */","            local.testCase_buildReadme_default(options, local.onErrorThrow);","            local.testCase_buildLib_default(options, local.onErrorThrow);","            local.testCase_buildTest_default(options, local.onErrorThrow);","            local.testCase_buildCustomOrg_default(options, local.onErrorThrow);","            options = [];","            local.buildApp(options, onError);","        };","","        local.testCase_buildCustomOrg_default = local.testCase_buildCustomOrg_default ||","            function (options, onError) {","            /*","             * this function will test buildCustomOrg's default handling-behavior","             */","                options = {};","                local.buildCustomOrg(options, onError);","            };","","        local.testCase_buildLib_default = local.testCase_buildLib_default || function (","            options,","            onError","        ) {","        /*","         * this function will test buildLib's default handling-behavior","         */","            options = {};","            local.buildLib(options, onError);","        };","","        local.testCase_buildReadme_default = local.testCase_buildReadme_default || function (","            options,","            onError","        ) {","        /*","         * this function will test buildReadme's default handling-behavior-behavior","         */","            options = {};","            local.buildReadme(options, onError);","        };","","        local.testCase_buildTest_default = local.testCase_buildTest_default || function (","            options,","            onError","        ) {","        /*","         * this function will test buildTest's default handling-behavior","         */","            options = {};","            local.buildTest(options, onError);","        };","","        local.testCase_webpage_default = local.testCase_webpage_default || function (","            options,","            onError","        ) {","        /*","         * this function will test webpage's default handling-behavior","         */","            options = { modeCoverageMerge: true, url: local.serverLocalHost + '?modeTest=1' };","            local.browserTest(options, onError);","        };","","        // run test-server","        local.testRunServer(local);","        break;","    }","}());",""],"l":{"12":2,"14":2,"19":2,"21":2,"23":2,"24":2,"25":2,"30":1,"37":2,"40":2,"43":1,"47":1,"50":1,"52":1,"55":2,"61":2,"62":2,"64":2,"70":1,"76":1,"82":2,"83":2,"85":2,"91":1,"98":1,"102":1,"105":1,"112":1,"119":1,"120":1,"123":1,"130":1,"131":1,"132":1,"133":1,"134":1,"135":1,"138":1,"143":2,"144":2,"147":1,"154":2,"155":2,"158":1,"165":2,"166":2,"169":1,"176":2,"177":2,"180":1,"187":1,"188":1,"192":1,"193":1}},"/home/travis/build/npmtest/node-npmtest-react-dates/lib.npmtest_react_dates.js":{"path":"/home/travis/build/npmtest/node-npmtest-react-dates/lib.npmtest_react_dates.js","s":{"1":2,"2":2,"3":2,"4":2,"5":2,"6":2,"7":2,"8":1,"9":2,"10":2,"11":2,"12":2,"13":1,"14":1,"15":1,"16":1},"b":{"1":[2,1,1,1],"2":[1,1,1,1],"3":[1,1],"4":[2,2],"5":[1,1]},"f":{"1":2,"2":2,"3":2},"fnMap":{"1":{"name":"(anonymous_1)","line":12,"loc":{"start":{"line":12,"column":1},"end":{"line":12,"column":13}}},"2":{"name":"(anonymous_2)","line":19,"loc":{"start":{"line":19,"column":5},"end":{"line":19,"column":17}}},"3":{"name":"(anonymous_3)","line":23,"loc":{"start":{"line":23,"column":24},"end":{"line":23,"column":36}}}},"statementMap":{"1":{"start":{"line":12,"column":0},"end":{"line":53,"column":5}},"2":{"start":{"line":14,"column":4},"end":{"line":14,"column":14}},"3":{"start":{"line":19,"column":4},"end":{"line":52,"column":9}},"4":{"start":{"line":21,"column":8},"end":{"line":21,"column":19}},"5":{"start":{"line":23,"column":8},"end":{"line":35,"column":13}},"6":{"start":{"line":24,"column":12},"end":{"line":34,"column":13}},"7":{"start":{"line":25,"column":16},"end":{"line":28,"column":30}},"8":{"start":{"line":30,"column":16},"end":{"line":33,"column":27}},"9":{"start":{"line":37,"column":8},"end":{"line":39,"column":21}},"10":{"start":{"line":41,"column":8},"end":{"line":41,"column":54}},"11":{"start":{"line":43,"column":8},"end":{"line":43,"column":56}},"12":{"start":{"line":45,"column":8},"end":{"line":51,"column":9}},"13":{"start":{"line":46,"column":12},"end":{"line":46,"column":62}},"14":{"start":{"line":48,"column":12},"end":{"line":48,"column":35}},"15":{"start":{"line":49,"column":12},"end":{"line":49,"column":49}},"16":{"start":{"line":50,"column":12},"end":{"line":50,"column":43}}},"branchMap":{"1":{"line":25,"type":"binary-expr","locations":[{"start":{"line":25,"column":23},"end":{"line":25,"column":62}},{"start":{"line":26,"column":20},"end":{"line":26,"column":70}},{"start":{"line":27,"column":20},"end":{"line":27,"column":71}},{"start":{"line":28,"column":20},"end":{"line":28,"column":29}}]},"2":{"line":30,"type":"binary-expr","locations":[{"start":{"line":30,"column":23},"end":{"line":30,"column":37}},{"start":{"line":31,"column":20},"end":{"line":31,"column":61}},{"start":{"line":32,"column":20},"end":{"line":32,"column":70}},{"start":{"line":33,"column":20},"end":{"line":33,"column":26}}]},"3":{"line":37,"type":"cond-expr","locations":[{"start":{"line":38,"column":14},"end":{"line":38,"column":20}},{"start":{"line":39,"column":14},"end":{"line":39,"column":20}}]},"4":{"line":41,"type":"binary-expr","locations":[{"start":{"line":41,"column":16},"end":{"line":41,"column":44}},{"start":{"line":41,"column":48},"end":{"line":41,"column":53}}]},"5":{"line":45,"type":"if","locations":[{"start":{"line":45,"column":8},"end":{"line":45,"column":8}},{"start":{"line":45,"column":8},"end":{"line":45,"column":8}}]}},"code":["/* istanbul instrument in package npmtest_react_dates */","/*jslint","    bitwise: true,","    browser: true,","    maxerr: 8,","    maxlen: 96,","    node: true,","    nomen: true,","    regexp: true,","    stupid: true","*/","(function () {","    'use strict';","    var local;","","","","    // run shared js-env code - pre-init","    (function () {","        // init local","        local = {};","        // init modeJs","        local.modeJs = (function () {","            try {","                return typeof navigator.userAgent === 'string' &&","                    typeof document.querySelector('body') === 'object' &&","                    typeof XMLHttpRequest.prototype.open === 'function' &&","                    'browser';","            } catch (errorCaughtBrowser) {","                return module.exports &&","                    typeof process.versions.node === 'string' &&","                    typeof require('http').createServer === 'function' &&","                    'node';","            }","        }());","        // init global","        local.global = local.modeJs === 'browser'","            ? window","            : global;","        // init utility2_rollup","        local = local.global.utility2_rollup || local;","        // init lib","        local.local = local.npmtest_react_dates = local;","        // init exports","        if (local.modeJs === 'browser') {","            local.global.utility2_npmtest_react_dates = local;","        } else {","            module.exports = local;","            module.exports.__dirname = __dirname;","            module.exports.module = module;","        }","    }());","}());",""],"l":{"12":2,"14":2,"19":2,"21":2,"23":2,"24":2,"25":2,"30":1,"37":2,"41":2,"43":2,"45":2,"46":1,"48":1,"49":1,"50":1}},"/home/travis/build/npmtest/node-npmtest-react-dates/example.js":{"path":"/home/travis/build/npmtest/node-npmtest-react-dates/example.js","s":{"1":2,"2":2,"3":2,"4":2,"5":2,"6":2,"7":2,"8":1,"9":2,"10":2,"11":2,"12":2,"13":1,"14":2,"15":2,"16":2,"17":2,"18":2,"19":0,"20":2,"21":1,"22":1,"23":1,"24":1,"25":1,"26":0,"27":0,"28":1,"29":1,"30":2,"31":0,"32":0,"33":0,"34":1,"35":2,"36":2,"37":3,"38":3,"39":3,"40":3,"41":0,"42":3,"43":3,"44":3,"45":1,"46":3,"47":1,"48":1,"49":1,"50":1,"51":1,"52":1,"53":1,"54":1,"55":1,"56":1,"57":0,"58":1,"59":6,"60":6,"61":1,"62":2,"63":0,"64":2,"65":1,"66":1,"67":0,"68":0,"69":0,"70":0,"71":0,"72":0,"73":0,"74":0,"75":0,"76":0,"77":0,"78":0,"79":0,"80":0,"81":0,"82":0,"83":0},"b":{"1":[2,1,1,1],"2":[1,1,1,1],"3":[1,1],"4":[2,2],"5":[1,1],"6":[1,1],"7":[2,0],"8":[2,1,1,1,1,1],"9":[0,2,0],"10":[1,1],"11":[2,1,1],"12":[1,0],"13":[0,2],"14":[2,0,0,0,0,0,0],"15":[0,3],"16":[3,0],"17":[1,1],"18":[0,1],"19":[1,2,0,2],"20":[1,0],"21":[1,1],"22":[0,0],"23":[0,0],"24":[0,0],"25":[0,0],"26":[0,0],"27":[0,0],"28":[0,0]},"f":{"1":2,"2":2,"3":2,"4":2,"5":2,"6":2,"7":3,"8":3,"9":3,"10":1,"11":6,"12":0},"fnMap":{"1":{"name":"(anonymous_1)","line":26,"loc":{"start":{"line":26,"column":1},"end":{"line":26,"column":13}}},"2":{"name":"(anonymous_2)","line":33,"loc":{"start":{"line":33,"column":5},"end":{"line":33,"column":17}}},"3":{"name":"(anonymous_3)","line":37,"loc":{"start":{"line":37,"column":24},"end":{"line":37,"column":36}}},"4":{"name":"(anonymous_4)","line":69,"loc":{"start":{"line":69,"column":31},"end":{"line":69,"column":48}},"skip":true},"5":{"name":"(anonymous_5)","line":78,"loc":{"start":{"line":78,"column":26},"end":{"line":78,"column":45}},"skip":true},"6":{"name":"(anonymous_6)","line":123,"loc":{"start":{"line":123,"column":33},"end":{"line":123,"column":48}},"skip":true},"7":{"name":"(anonymous_7)","line":125,"loc":{"start":{"line":125,"column":27},"end":{"line":125,"column":39}},"skip":true},"8":{"name":"(anonymous_8)","line":133,"loc":{"start":{"line":133,"column":59},"end":{"line":133,"column":74}},"skip":true},"9":{"name":"(anonymous_9)","line":143,"loc":{"start":{"line":143,"column":45},"end":{"line":143,"column":62}},"skip":true},"10":{"name":"(anonymous_10)","line":144,"loc":{"start":{"line":144,"column":73},"end":{"line":144,"column":92}},"skip":true},"11":{"name":"(anonymous_11)","line":272,"loc":{"start":{"line":272,"column":51},"end":{"line":272,"column":77}},"skip":true},"12":{"name":"(anonymous_12)","line":315,"loc":{"start":{"line":315,"column":32},"end":{"line":315,"column":61}},"skip":true}},"statementMap":{"1":{"start":{"line":26,"column":0},"end":{"line":326,"column":5}},"2":{"start":{"line":28,"column":4},"end":{"line":28,"column":14}},"3":{"start":{"line":33,"column":4},"end":{"line":60,"column":9}},"4":{"start":{"line":35,"column":8},"end":{"line":35,"column":19}},"5":{"start":{"line":37,"column":8},"end":{"line":49,"column":13}},"6":{"start":{"line":38,"column":12},"end":{"line":48,"column":13}},"7":{"start":{"line":39,"column":16},"end":{"line":42,"column":30}},"8":{"start":{"line":44,"column":16},"end":{"line":47,"column":27}},"9":{"start":{"line":51,"column":8},"end":{"line":53,"column":21}},"10":{"start":{"line":55,"column":8},"end":{"line":57,"column":45}},"11":{"start":{"line":59,"column":8},"end":{"line":59,"column":35}},"12":{"start":{"line":61,"column":4},"end":{"line":325,"column":5}},"13":{"start":{"line":69,"column":8},"end":{"line":121,"column":10},"skip":true},"14":{"start":{"line":70,"column":12},"end":{"line":88,"column":13},"skip":true},"15":{"start":{"line":76,"column":16},"end":{"line":87,"column":19},"skip":true},"16":{"start":{"line":79,"column":20},"end":{"line":86,"column":21},"skip":true},"17":{"start":{"line":82,"column":24},"end":{"line":82,"column":43},"skip":true},"18":{"start":{"line":83,"column":24},"end":{"line":83,"column":30},"skip":true},"19":{"start":{"line":85,"column":24},"end":{"line":85,"column":49},"skip":true},"20":{"start":{"line":89,"column":12},"end":{"line":107,"column":13},"skip":true},"21":{"start":{"line":92,"column":16},"end":{"line":102,"column":17},"skip":true},"22":{"start":{"line":93,"column":20},"end":{"line":93,"column":86},"skip":true},"23":{"start":{"line":94,"column":20},"end":{"line":95,"column":45},"skip":true},"24":{"start":{"line":96,"column":20},"end":{"line":96,"column":42},"skip":true},"25":{"start":{"line":97,"column":20},"end":{"line":97,"column":48},"skip":true},"26":{"start":{"line":100,"column":20},"end":{"line":100,"column":85},"skip":true},"27":{"start":{"line":101,"column":20},"end":{"line":101,"column":96},"skip":true},"28":{"start":{"line":103,"column":16},"end":{"line":103,"column":22},"skip":true},"29":{"start":{"line":106,"column":16},"end":{"line":106,"column":22},"skip":true},"30":{"start":{"line":108,"column":12},"end":{"line":120,"column":13},"skip":true},"31":{"start":{"line":114,"column":16},"end":{"line":119,"column":17},"skip":true},"32":{"start":{"line":116,"column":20},"end":{"line":116,"column":78},"skip":true},"33":{"start":{"line":118,"column":20},"end":{"line":118,"column":47},"skip":true},"34":{"start":{"line":123,"column":8},"end":{"line":141,"column":11},"skip":true},"35":{"start":{"line":124,"column":12},"end":{"line":124,"column":54},"skip":true},"36":{"start":{"line":125,"column":12},"end":{"line":140,"column":14},"skip":true},"37":{"start":{"line":126,"column":16},"end":{"line":126,"column":28},"skip":true},"38":{"start":{"line":127,"column":16},"end":{"line":127,"column":69},"skip":true},"39":{"start":{"line":128,"column":16},"end":{"line":128,"column":75},"skip":true},"40":{"start":{"line":129,"column":16},"end":{"line":131,"column":17},"skip":true},"41":{"start":{"line":130,"column":20},"end":{"line":130,"column":27},"skip":true},"42":{"start":{"line":133,"column":16},"end":{"line":137,"column":36},"skip":true},"43":{"start":{"line":134,"column":20},"end":{"line":136,"column":55},"skip":true},"44":{"start":{"line":139,"column":16},"end":{"line":139,"column":57},"skip":true},"45":{"start":{"line":143,"column":8},"end":{"line":147,"column":11},"skip":true},"46":{"start":{"line":144,"column":12},"end":{"line":146,"column":15},"skip":true},"47":{"start":{"line":145,"column":16},"end":{"line":145,"column":70},"skip":true},"48":{"start":{"line":149,"column":8},"end":{"line":149,"column":31},"skip":true},"49":{"start":{"line":150,"column":8},"end":{"line":150,"column":14},"skip":true},"50":{"start":{"line":158,"column":8},"end":{"line":158,"column":31},"skip":true},"51":{"start":{"line":160,"column":8},"end":{"line":160,"column":33},"skip":true},"52":{"start":{"line":161,"column":8},"end":{"line":161,"column":37},"skip":true},"53":{"start":{"line":162,"column":8},"end":{"line":162,"column":35},"skip":true},"54":{"start":{"line":164,"column":8},"end":{"line":164,"column":50},"skip":true},"55":{"start":{"line":166,"column":8},"end":{"line":256,"column":2},"skip":true},"56":{"start":{"line":258,"column":8},"end":{"line":286,"column":9},"skip":true},"57":{"start":{"line":259,"column":12},"end":{"line":269,"column":14},"skip":true},"58":{"start":{"line":271,"column":12},"end":{"line":285,"column":19},"skip":true},"59":{"start":{"line":274,"column":20},"end":{"line":274,"column":35},"skip":true},"60":{"start":{"line":275,"column":20},"end":{"line":284,"column":21},"skip":true},"61":{"start":{"line":277,"column":24},"end":{"line":277,"column":64},"skip":true},"62":{"start":{"line":279,"column":24},"end":{"line":279,"column":40},"skip":true},"63":{"start":{"line":281,"column":24},"end":{"line":281,"column":40},"skip":true},"64":{"start":{"line":283,"column":24},"end":{"line":283,"column":39},"skip":true},"65":{"start":{"line":288,"column":8},"end":{"line":290,"column":9},"skip":true},"66":{"start":{"line":289,"column":12},"end":{"line":289,"column":18},"skip":true},"67":{"start":{"line":291,"column":8},"end":{"line":293,"column":54},"skip":true},"68":{"start":{"line":296,"column":8},"end":{"line":301,"column":37},"skip":true},"69":{"start":{"line":303,"column":8},"end":{"line":303,"column":82},"skip":true},"70":{"start":{"line":306,"column":8},"end":{"line":308,"column":9},"skip":true},"71":{"start":{"line":307,"column":12},"end":{"line":307,"column":82},"skip":true},"72":{"start":{"line":310,"column":8},"end":{"line":312,"column":9},"skip":true},"73":{"start":{"line":311,"column":12},"end":{"line":311,"column":18},"skip":true},"74":{"start":{"line":313,"column":8},"end":{"line":313,"column":54},"skip":true},"75":{"start":{"line":314,"column":8},"end":{"line":314,"column":69},"skip":true},"76":{"start":{"line":315,"column":8},"end":{"line":323,"column":36},"skip":true},"77":{"start":{"line":316,"column":12},"end":{"line":316,"column":61},"skip":true},"78":{"start":{"line":317,"column":12},"end":{"line":320,"column":13},"skip":true},"79":{"start":{"line":318,"column":16},"end":{"line":318,"column":75},"skip":true},"80":{"start":{"line":319,"column":16},"end":{"line":319,"column":23},"skip":true},"81":{"start":{"line":321,"column":12},"end":{"line":321,"column":38},"skip":true},"82":{"start":{"line":322,"column":12},"end":{"line":322,"column":27},"skip":true},"83":{"start":{"line":324,"column":8},"end":{"line":324,"column":14},"skip":true}},"branchMap":{"1":{"line":39,"type":"binary-expr","locations":[{"start":{"line":39,"column":23},"end":{"line":39,"column":62}},{"start":{"line":40,"column":20},"end":{"line":40,"column":70}},{"start":{"line":41,"column":20},"end":{"line":41,"column":71}},{"start":{"line":42,"column":20},"end":{"line":42,"column":29}}]},"2":{"line":44,"type":"binary-expr","locations":[{"start":{"line":44,"column":23},"end":{"line":44,"column":37}},{"start":{"line":45,"column":20},"end":{"line":45,"column":61}},{"start":{"line":46,"column":20},"end":{"line":46,"column":70}},{"start":{"line":47,"column":20},"end":{"line":47,"column":26}}]},"3":{"line":51,"type":"cond-expr","locations":[{"start":{"line":52,"column":14},"end":{"line":52,"column":20}},{"start":{"line":53,"column":14},"end":{"line":53,"column":20}}]},"4":{"line":55,"type":"binary-expr","locations":[{"start":{"line":55,"column":16},"end":{"line":55,"column":44}},{"start":{"line":55,"column":49},"end":{"line":57,"column":43}}]},"5":{"line":55,"type":"cond-expr","locations":[{"start":{"line":56,"column":14},"end":{"line":56,"column":55}},{"start":{"line":57,"column":14},"end":{"line":57,"column":43}}]},"6":{"line":61,"type":"switch","locations":[{"start":{"line":68,"column":4},"end":{"line":150,"column":14},"skip":true},{"start":{"line":156,"column":4},"end":{"line":324,"column":14},"skip":true}]},"7":{"line":70,"type":"if","locations":[{"start":{"line":70,"column":12},"end":{"line":70,"column":12},"skip":true},{"start":{"line":70,"column":12},"end":{"line":70,"column":12},"skip":true}]},"8":{"line":70,"type":"binary-expr","locations":[{"start":{"line":70,"column":16},"end":{"line":70,"column":22},"skip":true},{"start":{"line":70,"column":27},"end":{"line":70,"column":32},"skip":true},{"start":{"line":71,"column":20},"end":{"line":71,"column":39},"skip":true},{"start":{"line":72,"column":20},"end":{"line":72,"column":49},"skip":true},{"start":{"line":73,"column":20},"end":{"line":73,"column":58},"skip":true},{"start":{"line":74,"column":20},"end":{"line":74,"column":69},"skip":true}]},"9":{"line":79,"type":"switch","locations":[{"start":{"line":80,"column":20},"end":{"line":80,"column":33},"skip":true},{"start":{"line":81,"column":20},"end":{"line":83,"column":30},"skip":true},{"start":{"line":84,"column":20},"end":{"line":85,"column":49},"skip":true}]},"10":{"line":89,"type":"switch","locations":[{"start":{"line":90,"column":12},"end":{"line":103,"column":22},"skip":true},{"start":{"line":105,"column":12},"end":{"line":106,"column":22},"skip":true}]},"11":{"line":89,"type":"binary-expr","locations":[{"start":{"line":89,"column":20},"end":{"line":89,"column":25},"skip":true},{"start":{"line":89,"column":29},"end":{"line":89,"column":48},"skip":true},{"start":{"line":89,"column":52},"end":{"line":89,"column":74},"skip":true}]},"12":{"line":92,"type":"if","locations":[{"start":{"line":92,"column":16},"end":{"line":92,"column":16},"skip":true},{"start":{"line":92,"column":16},"end":{"line":92,"column":16},"skip":true}]},"13":{"line":108,"type":"if","locations":[{"start":{"line":108,"column":12},"end":{"line":108,"column":12},"skip":true},{"start":{"line":108,"column":12},"end":{"line":108,"column":12},"skip":true}]},"14":{"line":108,"type":"binary-expr","locations":[{"start":{"line":108,"column":16},"end":{"line":108,"column":61},"skip":true},{"start":{"line":108,"column":66},"end":{"line":108,"column":72},"skip":true},{"start":{"line":108,"column":77},"end":{"line":108,"column":82},"skip":true},{"start":{"line":109,"column":20},"end":{"line":109,"column":39},"skip":true},{"start":{"line":110,"column":20},"end":{"line":110,"column":49},"skip":true},{"start":{"line":111,"column":20},"end":{"line":111,"column":58},"skip":true},{"start":{"line":112,"column":20},"end":{"line":112,"column":68},"skip":true}]},"15":{"line":129,"type":"if","locations":[{"start":{"line":129,"column":16},"end":{"line":129,"column":16},"skip":true},{"start":{"line":129,"column":16},"end":{"line":129,"column":16},"skip":true}]},"16":{"line":134,"type":"cond-expr","locations":[{"start":{"line":135,"column":26},"end":{"line":135,"column":29},"skip":true},{"start":{"line":136,"column":26},"end":{"line":136,"column":54},"skip":true}]},"17":{"line":164,"type":"binary-expr","locations":[{"start":{"line":164,"column":27},"end":{"line":164,"column":43},"skip":true},{"start":{"line":164,"column":47},"end":{"line":164,"column":49},"skip":true}]},"18":{"line":258,"type":"if","locations":[{"start":{"line":258,"column":8},"end":{"line":258,"column":8},"skip":true},{"start":{"line":258,"column":8},"end":{"line":258,"column":8},"skip":true}]},"19":{"line":275,"type":"switch","locations":[{"start":{"line":276,"column":20},"end":{"line":277,"column":64},"skip":true},{"start":{"line":278,"column":20},"end":{"line":279,"column":40},"skip":true},{"start":{"line":280,"column":20},"end":{"line":281,"column":40},"skip":true},{"start":{"line":282,"column":20},"end":{"line":283,"column":39},"skip":true}]},"20":{"line":288,"type":"if","locations":[{"start":{"line":288,"column":8},"end":{"line":288,"column":8},"skip":true},{"start":{"line":288,"column":8},"end":{"line":288,"column":8},"skip":true}]},"21":{"line":288,"type":"binary-expr","locations":[{"start":{"line":288,"column":12},"end":{"line":288,"column":40},"skip":true},{"start":{"line":288,"column":44},"end":{"line":288,"column":67},"skip":true}]},"22":{"line":292,"type":"binary-expr","locations":[{"start":{"line":292,"column":12},"end":{"line":292,"column":50},"skip":true},{"start":{"line":293,"column":12},"end":{"line":293,"column":53},"skip":true}]},"23":{"line":297,"type":"binary-expr","locations":[{"start":{"line":297,"column":12},"end":{"line":297,"column":69},"skip":true},{"start":{"line":298,"column":12},"end":{"line":301,"column":36},"skip":true}]},"24":{"line":303,"type":"binary-expr","locations":[{"start":{"line":303,"column":43},"end":{"line":303,"column":75},"skip":true},{"start":{"line":303,"column":79},"end":{"line":303,"column":81},"skip":true}]},"25":{"line":306,"type":"if","locations":[{"start":{"line":306,"column":8},"end":{"line":306,"column":8},"skip":true},{"start":{"line":306,"column":8},"end":{"line":306,"column":8},"skip":true}]},"26":{"line":310,"type":"if","locations":[{"start":{"line":310,"column":8},"end":{"line":310,"column":8},"skip":true},{"start":{"line":310,"column":8},"end":{"line":310,"column":8},"skip":true}]},"27":{"line":313,"type":"binary-expr","locations":[{"start":{"line":313,"column":27},"end":{"line":313,"column":43},"skip":true},{"start":{"line":313,"column":47},"end":{"line":313,"column":53},"skip":true}]},"28":{"line":317,"type":"if","locations":[{"start":{"line":317,"column":12},"end":{"line":317,"column":12},"skip":true},{"start":{"line":317,"column":12},"end":{"line":317,"column":12},"skip":true}]}},"code":["/*","example.js","","quickstart example","","instruction","    1. save this script as example.js","    2. run the shell command:","        $ npm install npmtest-react-dates && PORT=8081 node example.js","    3. play with the browser-demo on http://127.0.0.1:8081","*/","","","","/* istanbul instrument in package npmtest_react_dates */","/*jslint","    bitwise: true,","    browser: true,","    maxerr: 8,","    maxlen: 96,","    node: true,","    nomen: true,","    regexp: true,","    stupid: true","*/","(function () {","    'use strict';","    var local;","","","","    // run shared js-env code - pre-init","    (function () {","        // init local","        local = {};","        // init modeJs","        local.modeJs = (function () {","            try {","                return typeof navigator.userAgent === 'string' &&","                    typeof document.querySelector('body') === 'object' &&","                    typeof XMLHttpRequest.prototype.open === 'function' &&","                    'browser';","            } catch (errorCaughtBrowser) {","                return module.exports &&","                    typeof process.versions.node === 'string' &&","                    typeof require('http').createServer === 'function' &&","                    'node';","            }","        }());","        // init global","        local.global = local.modeJs === 'browser'","            ? window","            : global;","        // init utility2_rollup","        local = local.global.utility2_rollup || (local.modeJs === 'browser'","            ? local.global.utility2_npmtest_react_dates","            : global.utility2_moduleExports);","        // export local","        local.global.local = local;","    }());","    switch (local.modeJs) {","","","","    // post-init","    // run browser js-env code - post-init","    /* istanbul ignore next */","    case 'browser':","        local.testRunBrowser = function (event) {","            if (!event || (event &&","                    event.currentTarget &&","                    event.currentTarget.className &&","                    event.currentTarget.className.includes &&","                    event.currentTarget.className.includes('onreset'))) {","                // reset output","                Array.from(","                    document.querySelectorAll('body > .resettable')","                ).forEach(function (element) {","                    switch (element.tagName) {","                    case 'INPUT':","                    case 'TEXTAREA':","                        element.value = '';","                        break;","                    default:","                        element.textContent = '';","                    }","                });","            }","            switch (event && event.currentTarget && event.currentTarget.id) {","            case 'testRunButton1':","                // show tests","                if (document.querySelector('#testReportDiv1').style.display === 'none') {","                    document.querySelector('#testReportDiv1').style.display = 'block';","                    document.querySelector('#testRunButton1').textContent =","                        'hide internal test';","                    local.modeTest = true;","                    local.testRunDefault(local);","                // hide tests","                } else {","                    document.querySelector('#testReportDiv1').style.display = 'none';","                    document.querySelector('#testRunButton1').textContent = 'run internal test';","                }","                break;","            // custom-case","            default:","                break;","            }","            if (document.querySelector('#inputTextareaEval1') && (!event || (event &&","                    event.currentTarget &&","                    event.currentTarget.className &&","                    event.currentTarget.className.includes &&","                    event.currentTarget.className.includes('oneval')))) {","                // try to eval input-code","                try {","                    /*jslint evil: true*/","                    eval(document.querySelector('#inputTextareaEval1').value);","                } catch (errorCaught) {","                    console.error(errorCaught);","                }","            }","        };","        // log stderr and stdout to #outputTextareaStdout1","        ['error', 'log'].forEach(function (key) {","            console[key + '_original'] = console[key];","            console[key] = function () {","                var element;","                console[key + '_original'].apply(console, arguments);","                element = document.querySelector('#outputTextareaStdout1');","                if (!element) {","                    return;","                }","                // append text to #outputTextareaStdout1","                element.value += Array.from(arguments).map(function (arg) {","                    return typeof arg === 'string'","                        ? arg","                        : JSON.stringify(arg, null, 4);","                }).join(' ') + '\\n';","                // scroll textarea to bottom","                element.scrollTop = element.scrollHeight;","            };","        });","        // init event-handling","        ['change', 'click', 'keyup'].forEach(function (event) {","            Array.from(document.querySelectorAll('.on' + event)).forEach(function (element) {","                element.addEventListener(event, local.testRunBrowser);","            });","        });","        // run tests","        local.testRunBrowser();","        break;","","","","    // run node js-env code - post-init","    /* istanbul ignore next */","    case 'node':","        // export local","        module.exports = local;","        // require modules","        local.fs = require('fs');","        local.http = require('http');","        local.url = require('url');","        // init assets","        local.assetsDict = local.assetsDict || {};","        /* jslint-ignore-begin */","        local.assetsDict['/assets.index.template.html'] = '\\","<!doctype html>\\n\\","<html lang=\"en\">\\n\\","<head>\\n\\","<meta charset=\"UTF-8\">\\n\\","<meta name=\"viewport\" content=\"width=device-width, initial-scale=1\">\\n\\","<title>{{env.npm_package_name}} (v{{env.npm_package_version}})</title>\\n\\","<style>\\n\\","/*csslint\\n\\","    box-sizing: false,\\n\\","    universal-selector: false\\n\\","*/\\n\\","* {\\n\\","    box-sizing: border-box;\\n\\","}\\n\\","body {\\n\\","    background: #dde;\\n\\","    font-family: Arial, Helvetica, sans-serif;\\n\\","    margin: 2rem;\\n\\","}\\n\\","body > * {\\n\\","    margin-bottom: 1rem;\\n\\","}\\n\\",".utility2FooterDiv {\\n\\","    margin-top: 20px;\\n\\","    text-align: center;\\n\\","}\\n\\","</style>\\n\\","<style>\\n\\","/*csslint\\n\\","*/\\n\\","textarea {\\n\\","    font-family: monospace;\\n\\","    height: 10rem;\\n\\","    width: 100%;\\n\\","}\\n\\","textarea[readonly] {\\n\\","    background: #ddd;\\n\\","}\\n\\","</style>\\n\\","</head>\\n\\","<body>\\n\\","<!-- utility2-comment\\n\\","<div id=\"ajaxProgressDiv1\" style=\"background: #d00; height: 2px; left: 0; margin: 0; padding: 0; position: fixed; top: 0; transition: background 0.5s, width 1.5s; width: 25%;\"></div>\\n\\","utility2-comment -->\\n\\","<h1>\\n\\","<!-- utility2-comment\\n\\","    <a\\n\\","        {{#if env.npm_package_homepage}}\\n\\","        href=\"{{env.npm_package_homepage}}\"\\n\\","        {{/if env.npm_package_homepage}}\\n\\","        target=\"_blank\"\\n\\","    >\\n\\","utility2-comment -->\\n\\","        {{env.npm_package_name}} (v{{env.npm_package_version}})\\n\\","<!-- utility2-comment\\n\\","    </a>\\n\\","utility2-comment -->\\n\\","</h1>\\n\\","<h3>{{env.npm_package_description}}</h3>\\n\\","<!-- utility2-comment\\n\\","<h4><a download href=\"assets.app.js\">download standalone app</a></h4>\\n\\","<button class=\"onclick onreset\" id=\"testRunButton1\">run internal test</button><br>\\n\\","<div id=\"testReportDiv1\" style=\"display: none;\"></div>\\n\\","utility2-comment -->\\n\\","\\n\\","\\n\\","\\n\\","<label>stderr and stdout</label>\\n\\","<textarea class=\"resettable\" id=\"outputTextareaStdout1\" readonly></textarea>\\n\\","<!-- utility2-comment\\n\\","{{#if isRollup}}\\n\\","<script src=\"assets.app.js\"></script>\\n\\","{{#unless isRollup}}\\n\\","utility2-comment -->\\n\\","<script src=\"assets.utility2.rollup.js\"></script>\\n\\","<script src=\"jsonp.utility2._stateInit?callback=window.utility2._stateInit\"></script>\\n\\","<script src=\"assets.npmtest_react_dates.rollup.js\"></script>\\n\\","<script src=\"assets.example.js\"></script>\\n\\","<script src=\"assets.test.js\"></script>\\n\\","<!-- utility2-comment\\n\\","{{/if isRollup}}\\n\\","utility2-comment -->\\n\\","<div class=\"utility2FooterDiv\">\\n\\","    [ this app was created with\\n\\","    <a href=\"https://github.com/kaizhu256/node-utility2\" target=\"_blank\">utility2</a>\\n\\","    ]\\n\\","</div>\\n\\","</body>\\n\\","</html>\\n\\","';","        /* jslint-ignore-end */","        if (local.templateRender) {","            local.assetsDict['/'] = local.templateRender(","                local.assetsDict['/assets.index.template.html'],","                {","                    env: local.objectSetDefault(local.env, {","                        npm_package_description: 'the greatest app in the world!',","                        npm_package_name: 'my-app',","                        npm_package_nameAlias: 'my_app',","                        npm_package_version: '0.0.1'","                    })","                }","            );","        } else {","            local.assetsDict['/'] = local.assetsDict['/assets.index.template.html']","                .replace((/\\{\\{env\\.(\\w+?)\\}\\}/g), function (match0, match1) {","                    // jslint-hack","                    String(match0);","                    switch (match1) {","                    case 'npm_package_description':","                        return 'the greatest app in the world!';","                    case 'npm_package_name':","                        return 'my-app';","                    case 'npm_package_nameAlias':","                        return 'my_app';","                    case 'npm_package_version':","                        return '0.0.1';","                    }","                });","        }","        // run the cli","        if (local.global.utility2_rollup || module !== require.main) {","            break;","        }","        local.assetsDict['/assets.example.js'] =","            local.assetsDict['/assets.example.js'] ||","            local.fs.readFileSync(__filename, 'utf8');","        // bug-workaround - long $npm_package_buildCustomOrg","        /* jslint-ignore-begin */","        local.assetsDict['/assets.npmtest_react_dates.rollup.js'] =","            local.assetsDict['/assets.npmtest_react_dates.rollup.js'] ||","            local.fs.readFileSync(","                local.npmtest_react_dates.__dirname + '/lib.npmtest_react_dates.js',","                'utf8'","            ).replace((/^#!/), '//');","        /* jslint-ignore-end */","        local.assetsDict['/favicon.ico'] = local.assetsDict['/favicon.ico'] || '';","        // if $npm_config_timeout_exit exists,","        // then exit this process after $npm_config_timeout_exit ms","        if (Number(process.env.npm_config_timeout_exit)) {","            setTimeout(process.exit, Number(process.env.npm_config_timeout_exit));","        }","        // start server","        if (local.global.utility2_serverHttp1) {","            break;","        }","        process.env.PORT = process.env.PORT || '8081';","        console.error('server starting on port ' + process.env.PORT);","        local.http.createServer(function (request, response) {","            request.urlParsed = local.url.parse(request.url);","            if (local.assetsDict[request.urlParsed.pathname] !== undefined) {","                response.end(local.assetsDict[request.urlParsed.pathname]);","                return;","            }","            response.statusCode = 404;","            response.end();","        }).listen(process.env.PORT);","        break;","    }","}());",""],"l":{"26":2,"28":2,"33":2,"35":2,"37":2,"38":2,"39":2,"44":1,"51":2,"55":2,"59":2,"61":2,"69":1,"70":2,"76":2,"79":2,"82":2,"83":2,"85":1,"89":2,"92":1,"93":1,"94":1,"96":1,"97":1,"100":1,"101":1,"103":1,"106":1,"108":2,"114":1,"116":1,"118":1,"123":1,"124":2,"125":2,"126":3,"127":3,"128":3,"129":3,"130":1,"133":3,"134":3,"139":3,"143":1,"144":3,"145":1,"149":1,"150":1,"158":1,"160":1,"161":1,"162":1,"164":1,"166":1,"258":1,"259":1,"271":1,"274":6,"275":6,"277":1,"279":2,"281":1,"283":2,"288":1,"289":1,"291":1,"296":1,"303":1,"306":1,"307":1,"310":1,"311":1,"313":1,"314":1,"315":1,"316":1,"317":1,"318":1,"319":1,"321":1,"322":1,"324":1}},"/home/travis/build/npmtest/node-npmtest-react-dates/node_modules/react-dates/index.js":{"path":"/home/travis/build/npmtest/node-npmtest-react-dates/node_modules/react-dates/index.js","s":{"1":2,"2":0,"3":0,"4":0,"5":0,"6":0,"7":0,"8":0,"9":0,"10":0,"11":0,"12":0,"13":0,"14":0,"15":0,"16":0,"17":0,"18":0,"19":0,"20":0},"b":{},"f":{},"fnMap":{},"statementMap":{"1":{"start":{"line":1,"column":0},"end":{"line":1,"column":74}},"2":{"start":{"line":2,"column":0},"end":{"line":2,"column":84}},"3":{"start":{"line":3,"column":0},"end":{"line":3,"column":104}},"4":{"start":{"line":4,"column":0},"end":{"line":4,"column":76}},"5":{"start":{"line":5,"column":0},"end":{"line":5,"column":86}},"6":{"start":{"line":6,"column":0},"end":{"line":6,"column":62}},"7":{"start":{"line":7,"column":0},"end":{"line":7,"column":92}},"8":{"start":{"line":8,"column":0},"end":{"line":8,"column":78}},"9":{"start":{"line":9,"column":0},"end":{"line":9,"column":70}},"10":{"start":{"line":10,"column":0},"end":{"line":10,"column":66}},"11":{"start":{"line":12,"column":0},"end":{"line":12,"column":80}},"12":{"start":{"line":13,"column":0},"end":{"line":13,"column":82}},"13":{"start":{"line":15,"column":0},"end":{"line":15,"column":81}},"14":{"start":{"line":16,"column":0},"end":{"line":16,"column":83}},"15":{"start":{"line":17,"column":0},"end":{"line":17,"column":57}},"16":{"start":{"line":18,"column":0},"end":{"line":18,"column":57}},"17":{"start":{"line":20,"column":0},"end":{"line":20,"column":69}},"18":{"start":{"line":21,"column":0},"end":{"line":21,"column":81}},"19":{"start":{"line":22,"column":0},"end":{"line":22,"column":67}},"20":{"start":{"line":25,"column":0},"end":{"line":49,"column":2}}},"branchMap":{},"code":["var DateRangePicker = require('./lib/components/DateRangePicker').default;","var DateRangePickerInput = require('./lib/components/DateRangePickerInput').default;","var DateRangePickerInputController = require('./lib/components/DateRangePickerInputController').default;","var SingleDatePicker = require('./lib/components/SingleDatePicker').default;","var SingleDatePickerInput = require('./lib/components/SingleDatePickerInput').default;","var DayPicker = require('./lib/components/DayPicker').default;","var DayPickerRangeController = require('./lib/components/DayPickerRangeController').default;","var CalendarMonthGrid = require('./lib/components/CalendarMonthGrid').default;","var CalendarMonth = require('./lib/components/CalendarMonth').default;","var CalendarDay = require('./lib/components/CalendarDay').default;","","var DateRangePickerShape = require('./lib/shapes/DateRangePickerShape').default;","var SingleDatePickerShape = require('./lib/shapes/SingleDatePickerShape').default;","","var isInclusivelyAfterDay = require('./lib/utils/isInclusivelyAfterDay').default;","var isInclusivelyBeforeDay = require('./lib/utils/isInclusivelyBeforeDay').default;","var isNextDay = require('./lib/utils/isNextDay').default;","var isSameDay = require('./lib/utils/isSameDay').default;","","var toISODateString = require('./lib/utils/toISODateString').default;","var toLocalizedDateString = require('./lib/utils/toLocalizedDateString').default;","var toMomentObject = require('./lib/utils/toMomentObject').default;","","","module.exports = {","  DateRangePicker: DateRangePicker,","  SingleDatePicker: SingleDatePicker,","","  DateRangePickerInputController: DateRangePickerInputController,","  DateRangePickerInput: DateRangePickerInput,","  SingleDatePickerInput: SingleDatePickerInput,","  DayPicker: DayPicker,","  DayPickerRangeController: DayPickerRangeController,","  CalendarMonthGrid: CalendarMonthGrid,","  CalendarMonth: CalendarMonth,","  CalendarDay: CalendarDay,","","  DateRangePickerShape: DateRangePickerShape,","  SingleDatePickerShape: SingleDatePickerShape,","","  isInclusivelyAfterDay: isInclusivelyAfterDay,","  isInclusivelyBeforeDay: isInclusivelyBeforeDay,","  isNextDay: isNextDay,","  isSameDay: isSameDay,","","  toISODateString: toISODateString,","  toLocalizedDateString: toLocalizedDateString,","  toMomentObject: toMomentObject,","};",""],"l":{"1":2,"2":0,"3":0,"4":0,"5":0,"6":0,"7":0,"8":0,"9":0,"10":0,"12":0,"13":0,"15":0,"16":0,"17":0,"18":0,"20":0,"21":0,"22":0,"25":0}},"/home/travis/build/npmtest/node-npmtest-react-dates/node_modules/react-dates/lib/components/DateRangePicker.js":{"path":"/home/travis/build/npmtest/node-npmtest-react-dates/node_modules/react-dates/lib/components/DateRangePicker.js","s":{"1":2,"2":2,"3":1,"4":4,"5":0,"6":4,"7":4,"8":0,"9":0,"10":2,"11":2,"12":2,"13":2,"14":2,"15":0,"16":0,"17":2,"18":2,"19":1,"20":0,"21":0,"22":0,"23":0,"24":0,"25":0,"26":0,"27":2,"28":0,"29":0,"30":0,"31":0,"32":0,"33":2,"34":0,"35":0,"36":0,"37":0,"38":0,"39":0,"40":0,"41":0,"42":0,"43":0,"44":0,"45":0,"46":0,"47":0,"48":0,"49":0,"50":0,"51":0,"52":0,"53":0,"54":0,"55":0,"56":0,"57":0,"58":0,"59":0,"60":0,"61":0,"62":0,"63":0,"64":0,"65":1,"66":0,"67":1,"68":0,"69":0,"70":1,"71":0,"72":0,"73":0,"74":1,"75":0,"76":0,"77":0,"78":0,"79":0,"80":0,"81":0,"82":1,"83":0,"84":1,"85":0,"86":1,"87":0,"88":1,"89":0,"90":0,"91":1,"92":0,"93":0,"94":1,"95":0,"96":0,"97":1,"98":0,"99":0,"100":0,"101":0,"102":1,"103":0,"104":0,"105":0,"106":0,"107":0,"108":0,"109":0,"110":0,"111":0,"112":0,"113":0,"114":0,"115":1,"116":0,"117":0,"118":0,"119":0,"120":0,"121":0,"122":1,"123":0,"124":0,"125":1,"126":0,"127":0,"128":0,"129":1,"130":0,"131":0,"132":0,"133":1,"134":0,"135":0,"136":0,"137":0,"138":0,"139":0,"140":0,"141":0,"142":0,"143":0,"144":0,"145":1,"146":0,"147":0,"148":0,"149":0,"150":0,"151":0,"152":0,"153":0,"154":0,"155":0,"156":0,"157":1,"158":0,"159":0,"160":0,"161":0,"162":0,"163":0,"164":0,"165":1,"166":0,"167":0,"168":1,"169":0,"170":0,"171":0,"172":0,"173":0,"174":0,"175":0,"176":0,"177":1,"178":0,"179":0,"180":1,"181":0,"182":0,"183":0,"184":1,"185":0,"186":0,"187":0,"188":0,"189":0,"190":0,"191":0,"192":0,"193":0,"194":0,"195":0,"196":0,"197":0,"198":0,"199":0,"200":1,"201":0,"202":0,"203":1,"204":0,"205":0,"206":0,"207":0,"208":0,"209":0,"210":0,"211":0,"212":0,"213":1,"214":0,"215":0,"216":0,"217":0,"218":0,"219":0,"220":0,"221":0,"222":0,"223":0,"224":0,"225":0,"226":0,"227":0,"228":0,"229":0,"230":0,"231":0,"232":0,"233":0,"234":0,"235":0,"236":0,"237":0,"238":0,"239":0,"240":0,"241":0,"242":0,"243":0,"244":0,"245":0,"246":0,"247":0,"248":0,"249":0,"250":0,"251":0,"252":1,"253":0,"254":0,"255":1,"256":0,"257":0,"258":0,"259":1,"260":0,"261":0,"262":0,"263":0,"264":0,"265":0,"266":0,"267":0,"268":0,"269":0,"270":0,"271":0,"272":0,"273":0,"274":0,"275":0,"276":0,"277":0,"278":0,"279":0,"280":0,"281":0,"282":0,"283":0,"284":0,"285":0,"286":0,"287":0,"288":0,"289":0,"290":0,"291":0,"292":0,"293":2,"294":0,"295":0,"296":0,"297":0,"298":0,"299":0,"300":0,"301":0,"302":0,"303":0,"304":0,"305":0,"306":0,"307":0,"308":0,"309":0,"310":0,"311":0,"312":0,"313":0,"314":0,"315":0,"316":0,"317":0,"318":1,"319":0,"320":0,"321":0,"322":0,"323":0,"324":0,"325":0,"326":0,"327":0,"328":0,"329":0,"330":0,"331":0,"332":0,"333":0,"334":1,"335":0,"336":1,"337":0,"338":0,"339":1,"340":0,"341":0,"342":0,"343":1,"344":0,"345":0,"346":0,"347":0,"348":0,"349":0,"350":0,"351":1,"352":0,"353":0,"354":0,"355":1,"356":0,"357":0,"358":0,"359":0,"360":0},"b":{"1":[0,4],"2":[2,0],"3":[2,2],"4":[0,0],"5":[0,0,0,0],"6":[0,0],"7":[0,0],"8":[0,0],"9":[0,0],"10":[0,0],"11":[0,0],"12":[0,0],"13":[0,0],"14":[0,0],"15":[0,0,0],"16":[0,0],"17":[0,0],"18":[0,0],"19":[0,0],"20":[0,0],"21":[0,0],"22":[0,0],"23":[0,0],"24":[0,0],"25":[0,0],"26":[0,0,0],"27":[0,0],"28":[0,0],"29":[0,0],"30":[0,0,0],"31":[0,0],"32":[0,0],"33":[0,0],"34":[0,0],"35":[0,0],"36":[0,0],"37":[0,0],"38":[0,0],"39":[0,0],"40":[0,0],"41":[0,0],"42":[0,0],"43":[0,0],"44":[0,0],"45":[0,0],"46":[0,0,0],"47":[0,0],"48":[0,0],"49":[0,0],"50":[0,0],"51":[0,0],"52":[0,0],"53":[0,0],"54":[0,0],"55":[0,0],"56":[0,0],"57":[0,0],"58":[0,0],"59":[0,0],"60":[0,0],"61":[0,0],"62":[0,0],"63":[0,0],"64":[0,0,0],"65":[0,0],"66":[0,0],"67":[0,0],"68":[0,0],"69":[0,0],"70":[0,0]},"f":{"1":2,"2":4,"3":2,"4":0,"5":0,"6":2,"7":0,"8":0,"9":0,"10":0,"11":0,"12":0,"13":0,"14":0,"15":0,"16":0,"17":0,"18":0,"19":0,"20":0,"21":0,"22":0,"23":0,"24":0,"25":0,"26":0,"27":0,"28":0,"29":0,"30":0,"31":0,"32":0,"33":0,"34":0,"35":0,"36":0,"37":0,"38":0,"39":0,"40":0,"41":0,"42":0,"43":0,"44":0,"45":0,"46":0,"47":0,"48":0,"49":0,"50":0,"51":0,"52":0,"53":0,"54":0,"55":0,"56":0,"57":0,"58":0,"59":0,"60":0,"61":0,"62":0,"63":0,"64":0,"65":0,"66":2,"67":0,"68":0,"69":0,"70":0,"71":0,"72":0,"73":0,"74":0,"75":0,"76":0,"77":0,"78":0,"79":0,"80":0,"81":0,"82":0,"83":0,"84":0,"85":0,"86":0,"87":0,"88":0,"89":0,"90":0,"91":0,"92":0,"93":0,"94":0,"95":0},"fnMap":{"1":{"name":"(anonymous_1)","line":2,"loc":{"start":{"line":2,"column":10},"end":{"line":2,"column":28}}},"2":{"name":"__webpack_require__","line":7,"loc":{"start":{"line":7,"column":10},"end":{"line":7,"column":49}}},"3":{"name":"(anonymous_3)","line":46,"loc":{"start":{"line":46,"column":6},"end":{"line":46,"column":53}}},"4":{"name":"(anonymous_4)","line":48,"loc":{"start":{"line":48,"column":85},"end":{"line":48,"column":100}}},"5":{"name":"(anonymous_5)","line":48,"loc":{"start":{"line":48,"column":125},"end":{"line":48,"column":140}}},"6":{"name":"(anonymous_6)","line":54,"loc":{"start":{"line":54,"column":20},"end":{"line":54,"column":32}}},"7":{"name":"defineProperties","line":55,"loc":{"start":{"line":55,"column":3},"end":{"line":55,"column":44}}},"8":{"name":"(anonymous_8)","line":59,"loc":{"start":{"line":59,"column":11},"end":{"line":59,"column":59}}},"9":{"name":"_interopRequireDefault","line":128,"loc":{"start":{"line":128,"column":1},"end":{"line":128,"column":38}}},"10":{"name":"_classCallCheck","line":132,"loc":{"start":{"line":132,"column":1},"end":{"line":132,"column":49}}},"11":{"name":"_possibleConstructorReturn","line":138,"loc":{"start":{"line":138,"column":1},"end":{"line":138,"column":49}}},"12":{"name":"_inherits","line":144,"loc":{"start":{"line":144,"column":1},"end":{"line":144,"column":42}}},"13":{"name":"(anonymous_13)","line":189,"loc":{"start":{"line":189,"column":21},"end":{"line":189,"column":33}}},"14":{"name":"onPrevMonthClick","line":190,"loc":{"start":{"line":190,"column":5},"end":{"line":190,"column":33}}},"15":{"name":"(anonymous_15)","line":194,"loc":{"start":{"line":194,"column":21},"end":{"line":194,"column":33}}},"16":{"name":"onNextMonthClick","line":195,"loc":{"start":{"line":195,"column":5},"end":{"line":195,"column":33}}},"17":{"name":"(anonymous_17)","line":199,"loc":{"start":{"line":199,"column":12},"end":{"line":199,"column":24}}},"18":{"name":"onClose","line":200,"loc":{"start":{"line":200,"column":5},"end":{"line":200,"column":24}}},"19":{"name":"(anonymous_19)","line":209,"loc":{"start":{"line":209,"column":17},"end":{"line":209,"column":29}}},"20":{"name":"isDayBlocked","line":210,"loc":{"start":{"line":210,"column":5},"end":{"line":210,"column":29}}},"21":{"name":"(anonymous_21)","line":216,"loc":{"start":{"line":216,"column":19},"end":{"line":216,"column":31}}},"22":{"name":"isOutsideRange","line":217,"loc":{"start":{"line":217,"column":5},"end":{"line":217,"column":34}}},"23":{"name":"(anonymous_23)","line":223,"loc":{"start":{"line":223,"column":21},"end":{"line":223,"column":33}}},"24":{"name":"isDayHighlighted","line":224,"loc":{"start":{"line":224,"column":5},"end":{"line":224,"column":33}}},"25":{"name":"(anonymous_25)","line":232,"loc":{"start":{"line":232,"column":18},"end":{"line":232,"column":30}}},"26":{"name":"displayFormat","line":233,"loc":{"start":{"line":233,"column":5},"end":{"line":233,"column":30}}},"27":{"name":"(anonymous_27)","line":243,"loc":{"start":{"line":243,"column":23},"end":{"line":243,"column":51}}},"28":{"name":"DateRangePicker","line":246,"loc":{"start":{"line":246,"column":3},"end":{"line":246,"column":35}}},"29":{"name":"(anonymous_29)","line":272,"loc":{"start":{"line":272,"column":12},"end":{"line":272,"column":24}}},"30":{"name":"componentDidMount","line":273,"loc":{"start":{"line":273,"column":7},"end":{"line":273,"column":36}}},"31":{"name":"(anonymous_31)","line":290,"loc":{"start":{"line":290,"column":12},"end":{"line":290,"column":24}}},"32":{"name":"shouldComponentUpdate","line":291,"loc":{"start":{"line":291,"column":7},"end":{"line":291,"column":60}}},"33":{"name":"(anonymous_33)","line":299,"loc":{"start":{"line":299,"column":12},"end":{"line":299,"column":24}}},"34":{"name":"componentDidUpdate","line":300,"loc":{"start":{"line":300,"column":7},"end":{"line":300,"column":46}}},"35":{"name":"(anonymous_35)","line":311,"loc":{"start":{"line":311,"column":12},"end":{"line":311,"column":24}}},"36":{"name":"componentWillUnmount","line":312,"loc":{"start":{"line":312,"column":7},"end":{"line":312,"column":39}}},"37":{"name":"(anonymous_37)","line":320,"loc":{"start":{"line":320,"column":12},"end":{"line":320,"column":24}}},"38":{"name":"onOutsideClick","line":321,"loc":{"start":{"line":321,"column":7},"end":{"line":321,"column":33}}},"39":{"name":"(anonymous_39)","line":344,"loc":{"start":{"line":344,"column":12},"end":{"line":344,"column":24}}},"40":{"name":"onDateRangePickerInputFocus","line":345,"loc":{"start":{"line":345,"column":7},"end":{"line":345,"column":58}}},"41":{"name":"(anonymous_41)","line":367,"loc":{"start":{"line":367,"column":12},"end":{"line":367,"column":24}}},"42":{"name":"onDayPickerFocus","line":368,"loc":{"start":{"line":368,"column":7},"end":{"line":368,"column":35}}},"43":{"name":"(anonymous_43)","line":386,"loc":{"start":{"line":386,"column":12},"end":{"line":386,"column":24}}},"44":{"name":"onDayPickerBlur","line":387,"loc":{"start":{"line":387,"column":7},"end":{"line":387,"column":34}}},"45":{"name":"(anonymous_45)","line":399,"loc":{"start":{"line":399,"column":12},"end":{"line":399,"column":24}}},"46":{"name":"getDayPickerContainerClasses","line":400,"loc":{"start":{"line":400,"column":7},"end":{"line":400,"column":47}}},"47":{"name":"(anonymous_47)","line":423,"loc":{"start":{"line":423,"column":12},"end":{"line":423,"column":24}}},"48":{"name":"getDayPickerDOMNode","line":424,"loc":{"start":{"line":424,"column":7},"end":{"line":424,"column":38}}},"49":{"name":"(anonymous_49)","line":432,"loc":{"start":{"line":432,"column":12},"end":{"line":432,"column":24}}},"50":{"name":"isOpened","line":433,"loc":{"start":{"line":433,"column":7},"end":{"line":433,"column":27}}},"51":{"name":"(anonymous_51)","line":443,"loc":{"start":{"line":443,"column":12},"end":{"line":443,"column":24}}},"52":{"name":"responsivizePickerPosition","line":444,"loc":{"start":{"line":444,"column":7},"end":{"line":444,"column":45}}},"53":{"name":"(anonymous_53)","line":472,"loc":{"start":{"line":472,"column":12},"end":{"line":472,"column":24}}},"54":{"name":"showKeyboardShortcutsPanel","line":473,"loc":{"start":{"line":473,"column":7},"end":{"line":473,"column":45}}},"55":{"name":"(anonymous_55)","line":485,"loc":{"start":{"line":485,"column":12},"end":{"line":485,"column":24}}},"56":{"name":"maybeRenderDayPickerWithPortal","line":486,"loc":{"start":{"line":486,"column":7},"end":{"line":486,"column":49}}},"57":{"name":"(anonymous_57)","line":506,"loc":{"start":{"line":506,"column":12},"end":{"line":506,"column":24}}},"58":{"name":"renderDayPicker","line":507,"loc":{"start":{"line":507,"column":7},"end":{"line":507,"column":34}}},"59":{"name":"(anonymous_59)","line":544,"loc":{"start":{"line":544,"column":63},"end":{"line":544,"column":75}}},"60":{"name":"(anonymous_60)","line":551,"loc":{"start":{"line":551,"column":16},"end":{"line":551,"column":28}}},"61":{"name":"ref","line":552,"loc":{"start":{"line":552,"column":13},"end":{"line":552,"column":33}}},"62":{"name":"(anonymous_62)","line":562,"loc":{"start":{"line":562,"column":16},"end":{"line":562,"column":28}}},"63":{"name":"ref","line":563,"loc":{"start":{"line":563,"column":13},"end":{"line":563,"column":32}}},"64":{"name":"(anonymous_64)","line":609,"loc":{"start":{"line":609,"column":12},"end":{"line":609,"column":24}}},"65":{"name":"render","line":610,"loc":{"start":{"line":610,"column":7},"end":{"line":610,"column":25}}},"66":{"name":"(anonymous_66)","line":687,"loc":{"start":{"line":687,"column":6},"end":{"line":687,"column":32}}},"67":{"name":"(anonymous_67)","line":694,"loc":{"start":{"line":694,"column":6},"end":{"line":694,"column":32}}},"68":{"name":"(anonymous_68)","line":701,"loc":{"start":{"line":701,"column":6},"end":{"line":701,"column":32}}},"69":{"name":"(anonymous_69)","line":707,"loc":{"start":{"line":707,"column":6},"end":{"line":707,"column":32}}},"70":{"name":"(anonymous_70)","line":713,"loc":{"start":{"line":713,"column":6},"end":{"line":713,"column":32}}},"71":{"name":"(anonymous_71)","line":719,"loc":{"start":{"line":719,"column":6},"end":{"line":719,"column":32}}},"72":{"name":"(anonymous_72)","line":727,"loc":{"start":{"line":727,"column":6},"end":{"line":727,"column":32}}},"73":{"name":"(anonymous_73)","line":737,"loc":{"start":{"line":737,"column":6},"end":{"line":737,"column":32}}},"74":{"name":"(anonymous_74)","line":748,"loc":{"start":{"line":748,"column":6},"end":{"line":748,"column":32}}},"75":{"name":"(anonymous_75)","line":754,"loc":{"start":{"line":754,"column":6},"end":{"line":754,"column":32}}},"76":{"name":"(anonymous_76)","line":760,"loc":{"start":{"line":760,"column":6},"end":{"line":760,"column":32}}},"77":{"name":"(anonymous_77)","line":766,"loc":{"start":{"line":766,"column":6},"end":{"line":766,"column":32}}},"78":{"name":"(anonymous_78)","line":772,"loc":{"start":{"line":772,"column":6},"end":{"line":772,"column":32}}},"79":{"name":"(anonymous_79)","line":778,"loc":{"start":{"line":778,"column":6},"end":{"line":778,"column":32}}},"80":{"name":"(anonymous_80)","line":784,"loc":{"start":{"line":784,"column":6},"end":{"line":784,"column":32}}},"81":{"name":"(anonymous_81)","line":790,"loc":{"start":{"line":790,"column":6},"end":{"line":790,"column":32}}},"82":{"name":"(anonymous_82)","line":796,"loc":{"start":{"line":796,"column":6},"end":{"line":796,"column":53}}},"83":{"name":"(anonymous_83)","line":802,"loc":{"start":{"line":802,"column":33},"end":{"line":802,"column":51}}},"84":{"name":"(anonymous_84)","line":804,"loc":{"start":{"line":804,"column":20},"end":{"line":804,"column":32}}},"85":{"name":"defineProperties","line":804,"loc":{"start":{"line":804,"column":34},"end":{"line":804,"column":75}}},"86":{"name":"(anonymous_86)","line":804,"loc":{"start":{"line":804,"column":358},"end":{"line":804,"column":406}}},"87":{"name":"_interopRequireDefault","line":810,"loc":{"start":{"line":810,"column":1},"end":{"line":810,"column":38}}},"88":{"name":"_classCallCheck","line":812,"loc":{"start":{"line":812,"column":1},"end":{"line":812,"column":49}}},"89":{"name":"_possibleConstructorReturn","line":814,"loc":{"start":{"line":814,"column":1},"end":{"line":814,"column":49}}},"90":{"name":"_inherits","line":816,"loc":{"start":{"line":816,"column":1},"end":{"line":816,"column":42}}},"91":{"name":"(anonymous_91)","line":818,"loc":{"start":{"line":818,"column":11},"end":{"line":818,"column":39}}},"92":{"name":"SVG","line":821,"loc":{"start":{"line":821,"column":3},"end":{"line":821,"column":18}}},"93":{"name":"(anonymous_93)","line":829,"loc":{"start":{"line":829,"column":12},"end":{"line":829,"column":24}}},"94":{"name":"render","line":830,"loc":{"start":{"line":830,"column":7},"end":{"line":830,"column":25}}},"95":{"name":"(anonymous_95)","line":849,"loc":{"start":{"line":849,"column":6},"end":{"line":849,"column":32}}}},"statementMap":{"1":{"start":{"line":1,"column":0},"end":{"line":854,"column":12}},"2":{"start":{"line":4,"column":10},"end":{"line":4,"column":36}},"3":{"start":{"line":7,"column":10},"end":{"line":28,"column":11}},"4":{"start":{"line":10,"column":11},"end":{"line":11,"column":54}},"5":{"start":{"line":11,"column":12},"end":{"line":11,"column":54}},"6":{"start":{"line":14,"column":11},"end":{"line":18,"column":13}},"7":{"start":{"line":21,"column":11},"end":{"line":21,"column":95}},"8":{"start":{"line":24,"column":11},"end":{"line":24,"column":32}},"9":{"start":{"line":27,"column":11},"end":{"line":27,"column":33}},"10":{"start":{"line":32,"column":10},"end":{"line":32,"column":42}},"11":{"start":{"line":35,"column":10},"end":{"line":35,"column":51}},"12":{"start":{"line":38,"column":10},"end":{"line":38,"column":37}},"13":{"start":{"line":41,"column":10},"end":{"line":41,"column":40}},"14":{"start":{"line":48,"column":1},"end":{"line":48,"column":270}},"15":{"start":{"line":48,"column":102},"end":{"line":48,"column":120}},"16":{"start":{"line":48,"column":142},"end":{"line":48,"column":267}},"17":{"start":{"line":50,"column":1},"end":{"line":52,"column":4}},"18":{"start":{"line":54,"column":1},"end":{"line":62,"column":5}},"19":{"start":{"line":55,"column":3},"end":{"line":59,"column":4}},"20":{"start":{"line":56,"column":5},"end":{"line":58,"column":6}},"21":{"start":{"line":57,"column":7},"end":{"line":57,"column":33}},"22":{"start":{"line":57,"column":33},"end":{"line":57,"column":88}},"23":{"start":{"line":57,"column":88},"end":{"line":57,"column":119}},"24":{"start":{"line":57,"column":119},"end":{"line":57,"column":173}},"25":{"start":{"line":57,"column":146},"end":{"line":57,"column":173}},"26":{"start":{"line":57,"column":173},"end":{"line":57,"column":231}},"27":{"start":{"line":59,"column":4},"end":{"line":61,"column":5}},"28":{"start":{"line":60,"column":5},"end":{"line":60,"column":73}},"29":{"start":{"line":60,"column":21},"end":{"line":60,"column":73}},"30":{"start":{"line":60,"column":73},"end":{"line":60,"column":133}},"31":{"start":{"line":60,"column":90},"end":{"line":60,"column":133}},"32":{"start":{"line":60,"column":133},"end":{"line":60,"column":152}},"33":{"start":{"line":64,"column":1},"end":{"line":64,"column":37}},"34":{"start":{"line":66,"column":1},"end":{"line":66,"column":46}},"35":{"start":{"line":68,"column":1},"end":{"line":68,"column":41}},"36":{"start":{"line":70,"column":1},"end":{"line":70,"column":52}},"37":{"start":{"line":72,"column":1},"end":{"line":72,"column":57}},"38":{"start":{"line":74,"column":1},"end":{"line":74,"column":86}},"39":{"start":{"line":76,"column":1},"end":{"line":76,"column":38}},"40":{"start":{"line":78,"column":1},"end":{"line":78,"column":48}},"41":{"start":{"line":80,"column":1},"end":{"line":80,"column":42}},"42":{"start":{"line":82,"column":1},"end":{"line":82,"column":56}},"43":{"start":{"line":84,"column":1},"end":{"line":84,"column":44}},"44":{"start":{"line":86,"column":1},"end":{"line":86,"column":58}},"45":{"start":{"line":88,"column":1},"end":{"line":88,"column":47}},"46":{"start":{"line":90,"column":1},"end":{"line":90,"column":51}},"47":{"start":{"line":92,"column":1},"end":{"line":92,"column":46}},"48":{"start":{"line":94,"column":1},"end":{"line":94,"column":52}},"49":{"start":{"line":96,"column":1},"end":{"line":96,"column":74}},"50":{"start":{"line":98,"column":1},"end":{"line":98,"column":61}},"51":{"start":{"line":100,"column":1},"end":{"line":100,"column":92}},"52":{"start":{"line":102,"column":1},"end":{"line":102,"column":46}},"53":{"start":{"line":104,"column":1},"end":{"line":104,"column":62}},"54":{"start":{"line":106,"column":1},"end":{"line":106,"column":54}},"55":{"start":{"line":108,"column":1},"end":{"line":108,"column":78}},"56":{"start":{"line":110,"column":1},"end":{"line":110,"column":63}},"57":{"start":{"line":112,"column":1},"end":{"line":112,"column":96}},"58":{"start":{"line":114,"column":1},"end":{"line":114,"column":57}},"59":{"start":{"line":116,"column":1},"end":{"line":116,"column":84}},"60":{"start":{"line":118,"column":1},"end":{"line":118,"column":38}},"61":{"start":{"line":120,"column":1},"end":{"line":120,"column":46}},"62":{"start":{"line":122,"column":1},"end":{"line":122,"column":53}},"63":{"start":{"line":124,"column":1},"end":{"line":124,"column":76}},"64":{"start":{"line":126,"column":1},"end":{"line":126,"column":42}},"65":{"start":{"line":128,"column":1},"end":{"line":130,"column":2}},"66":{"start":{"line":129,"column":3},"end":{"line":129,"column":59}},"67":{"start":{"line":132,"column":1},"end":{"line":136,"column":2}},"68":{"start":{"line":133,"column":3},"end":{"line":135,"column":4}},"69":{"start":{"line":134,"column":5},"end":{"line":134,"column":62}},"70":{"start":{"line":138,"column":1},"end":{"line":142,"column":2}},"71":{"start":{"line":139,"column":3},"end":{"line":141,"column":4}},"72":{"start":{"line":140,"column":5},"end":{"line":140,"column":91}},"73":{"start":{"line":141,"column":4},"end":{"line":141,"column":138}},"74":{"start":{"line":144,"column":1},"end":{"line":148,"column":2}},"75":{"start":{"line":145,"column":3},"end":{"line":147,"column":4}},"76":{"start":{"line":146,"column":5},"end":{"line":146,"column":159}},"77":{"start":{"line":147,"column":4},"end":{"line":147,"column":168}},"78":{"start":{"line":147,"column":168},"end":{"line":147,"column":286}},"79":{"start":{"line":147,"column":184},"end":{"line":147,"column":286}},"80":{"start":{"line":150,"column":1},"end":{"line":150,"column":91}},"81":{"start":{"line":152,"column":1},"end":{"line":241,"column":3}},"82":{"start":{"line":190,"column":5},"end":{"line":190,"column":35}},"83":{"start":{"line":192,"column":5},"end":{"line":192,"column":29}},"84":{"start":{"line":195,"column":5},"end":{"line":195,"column":35}},"85":{"start":{"line":197,"column":5},"end":{"line":197,"column":29}},"86":{"start":{"line":200,"column":5},"end":{"line":200,"column":26}},"87":{"start":{"line":202,"column":5},"end":{"line":202,"column":20}},"88":{"start":{"line":210,"column":5},"end":{"line":212,"column":6}},"89":{"start":{"line":211,"column":7},"end":{"line":211,"column":20}},"90":{"start":{"line":214,"column":5},"end":{"line":214,"column":25}},"91":{"start":{"line":217,"column":5},"end":{"line":219,"column":6}},"92":{"start":{"line":218,"column":7},"end":{"line":218,"column":88}},"93":{"start":{"line":221,"column":5},"end":{"line":221,"column":27}},"94":{"start":{"line":224,"column":5},"end":{"line":226,"column":6}},"95":{"start":{"line":225,"column":7},"end":{"line":225,"column":20}},"96":{"start":{"line":228,"column":5},"end":{"line":228,"column":29}},"97":{"start":{"line":233,"column":5},"end":{"line":235,"column":6}},"98":{"start":{"line":234,"column":7},"end":{"line":234,"column":67}},"99":{"start":{"line":237,"column":5},"end":{"line":237,"column":26}},"100":{"start":{"line":243,"column":1},"end":{"line":678,"column":33}},"101":{"start":{"line":244,"column":3},"end":{"line":244,"column":48}},"102":{"start":{"line":246,"column":3},"end":{"line":268,"column":4}},"103":{"start":{"line":247,"column":5},"end":{"line":247,"column":44}},"104":{"start":{"line":249,"column":5},"end":{"line":249,"column":139}},"105":{"start":{"line":251,"column":5},"end":{"line":256,"column":7}},"106":{"start":{"line":258,"column":5},"end":{"line":258,"column":33}},"107":{"start":{"line":260,"column":5},"end":{"line":260,"column":61}},"108":{"start":{"line":261,"column":5},"end":{"line":261,"column":87}},"109":{"start":{"line":262,"column":5},"end":{"line":262,"column":65}},"110":{"start":{"line":263,"column":5},"end":{"line":263,"column":63}},"111":{"start":{"line":264,"column":5},"end":{"line":264,"column":85}},"112":{"start":{"line":266,"column":5},"end":{"line":266,"column":85}},"113":{"start":{"line":267,"column":5},"end":{"line":267,"column":18}},"114":{"start":{"line":270,"column":3},"end":{"line":675,"column":7}},"115":{"start":{"line":273,"column":7},"end":{"line":284,"column":8}},"116":{"start":{"line":274,"column":9},"end":{"line":274,"column":141}},"117":{"start":{"line":275,"column":9},"end":{"line":275,"column":43}},"118":{"start":{"line":277,"column":9},"end":{"line":281,"column":10}},"119":{"start":{"line":278,"column":11},"end":{"line":280,"column":14}},"120":{"start":{"line":283,"column":9},"end":{"line":283,"column":64}},"121":{"start":{"line":286,"column":7},"end":{"line":286,"column":32}},"122":{"start":{"line":291,"column":7},"end":{"line":293,"column":8}},"123":{"start":{"line":292,"column":9},"end":{"line":292,"column":88}},"124":{"start":{"line":295,"column":7},"end":{"line":295,"column":36}},"125":{"start":{"line":300,"column":7},"end":{"line":305,"column":8}},"126":{"start":{"line":301,"column":9},"end":{"line":304,"column":10}},"127":{"start":{"line":303,"column":11},"end":{"line":303,"column":45}},"128":{"start":{"line":307,"column":7},"end":{"line":307,"column":33}},"129":{"start":{"line":312,"column":7},"end":{"line":314,"column":8}},"130":{"start":{"line":313,"column":9},"end":{"line":313,"column":96}},"131":{"start":{"line":313,"column":32},"end":{"line":313,"column":96}},"132":{"start":{"line":316,"column":7},"end":{"line":316,"column":35}},"133":{"start":{"line":321,"column":7},"end":{"line":338,"column":8}},"134":{"start":{"line":322,"column":9},"end":{"line":322,"column":33}},"135":{"start":{"line":323,"column":9},"end":{"line":323,"column":50}},"136":{"start":{"line":324,"column":9},"end":{"line":324,"column":38}},"137":{"start":{"line":325,"column":9},"end":{"line":325,"column":42}},"138":{"start":{"line":326,"column":9},"end":{"line":326,"column":38}},"139":{"start":{"line":328,"column":9},"end":{"line":328,"column":38}},"140":{"start":{"line":328,"column":31},"end":{"line":328,"column":38}},"141":{"start":{"line":330,"column":9},"end":{"line":334,"column":12}},"142":{"start":{"line":336,"column":9},"end":{"line":336,"column":29}},"143":{"start":{"line":337,"column":9},"end":{"line":337,"column":61}},"144":{"start":{"line":340,"column":7},"end":{"line":340,"column":29}},"145":{"start":{"line":345,"column":7},"end":{"line":361,"column":8}},"146":{"start":{"line":346,"column":9},"end":{"line":346,"column":34}},"147":{"start":{"line":347,"column":9},"end":{"line":347,"column":51}},"148":{"start":{"line":348,"column":9},"end":{"line":348,"column":45}},"149":{"start":{"line":349,"column":9},"end":{"line":349,"column
[...]
st/node-npmtest-react-dates/node_modules/react-dates/constants.js","s":{"1":1},"b":{},"f":{},"fnMap":{},"statementMap":{"1":{"start":{"line":1,"column":0},"end":{"line":17,"column":2}}},"branchMap":{},"code":["module.exports = {","  DISPLAY_FORMAT: 'L',","  ISO_FORMAT: 'YYYY-MM-DD',","","  START_DATE: 'startDate',","  END_DATE: 'endDate',","","  HORIZONTAL_ORIENTATION: 'horizontal',","  VERTICAL_ORIENTATION: 'vertical',","  VERTICAL_SCROLLABLE: 'verticalScrollable',","","  ANCHOR_LEFT: 'left',","  ANCHOR_RIGHT: 'right',","","  DAY_SIZE: 39,","  BLOCKED_MODIFIER: 'blocked',","};",""],"l":{"1":1}},"/home/travis/build/npmtest/node-npmtest-react-dates/node_modules/react-dates/karma.conf.js":{"path":"/home/travis/build/npmtest/node-npmtest-react-dates/node_modules/react-dates/karma.conf.js","s":{"1":2,"2":2,"3":0,"4":0,"5":0,"6":0},"b":{"1":[0,0]},"f":{},"fnMap":{},"statementMap":{"1":{"start":{"line":2,"column":0},"end":{"line":2,"column":29}},"2":{"start":{"line":3,"column":0},"end":{"line":3,"column":35}},"3":{"start":{"line":5,"column":0},"end":{"line":88,"column":2}},"4":{"start":{"line":6,"column":2},"end":{"line":87,"column":5}},"5":{"start":{"line":24,"column":10},"end":{"line":26,"column":11}},"6":{"start":{"line":25,"column":12},"end":{"line":25,"column":46}}},"branchMap":{"1":{"line":24,"type":"if","locations":[{"start":{"line":24,"column":10},"end":{"line":24,"column":10}},{"start":{"line":24,"column":10},"end":{"line":24,"column":10}}]}},"code":["/* eslint no-param-reassign:0, import/no-extraneous-dependencies:0 */","const path = require('path');","const webpack = require('webpack');","","module.exports = (config) => {","  config.set({","    basePath: '',","","    frameworks: ['mocha', 'sinon', 'chai'],","","    files: [","      'test/_helpers/restoreSinonStubs.js',","      'test/utils/*',","      'test/components/*',","    ],","","    webpack: {","      externals: {","        sinon: true,","      },","      plugins: [","        // https://github.com/cheeriojs/cheerio/issues/836","        new webpack.NormalModuleReplacementPlugin(/^\\.\\/package$/, (result) => {","          if (/cheerio/.test(result.context)) {","            result.request = './package.json';","          }","        }),","      ],","      module: {","        loaders: [","          {","            test: /\\.jsx?$/,","            loader: 'babel-loader',","            include: [","              path.join(__dirname, 'src'),","              path.join(__dirname, 'test'),","              require.resolve('airbnb-js-shims'),","            ],","            query: {","              presets: ['airbnb'],","            },","          },","          {","            test: /\\.svg$/,","            loader: 'babel!react-svg',","            include: [","              path.join(__dirname, 'src'),","            ],","          },","          { test: /\\.json$/, loader: 'json-loader' },","","          // Inject the Airbnb shims into the bundle","          { test: /test\\/_helpers/, loader: 'imports?shims=airbnb-js-shims' },","        ],","      },","      resolve: {","        extensions: ['', '.js', '.jsx'],","      },","    },","","    webpackMiddleware: {","      progress: false,","      stats: false,","      debug: false,","      quiet: true,","    },","","    preprocessors: {","      'test/**/*': ['webpack'],","    },","","    reporters: ['progress'],","","    port: 9876,","","    colors: true,","","    logLevel: config.LOG_INFO,","","    autoWatch: false,","","    browsers: ['Firefox'],","","    singleRun: true,","","    concurrency: Infinity,","  });","};",""],"l":{"2":2,"3":2,"5":0,"6":0,"24":0,"25":0}},"/home/travis/build/npmtest/node-npmtest-react-dates/node_modules/react-dates/lib/defaultPhrases.js":{"path":"/home/travis/build/npmtest/node-npmtest-react-dates/node_modules/react-dates/lib/defaultPhrases.js","s":{"1":1,"2":1,"3":1,"4":1,"5":1,"6":1,"7":1,"8":1,"9":1,"10":1,"11":1,"12":1,"13":1,"14":1,"15":1,"16":1,"17":1,"18":1,"19":1,"20":1,"21":1,"22":1,"23":1,"24":1,"25":1,"26":1,"27":0,"28":0,"29":1,"30":0,"31":0,"32":1,"33":0,"34":0,"35":1,"36":0,"37":0,"38":1,"39":1,"40":1,"41":1,"42":1,"43":1,"44":1,"45":1,"46":1},"b":{},"f":{"1":0,"2":0,"3":0,"4":0},"fnMap":{"1":{"name":"chooseAvailableStartDate","line":30,"loc":{"start":{"line":30,"column":31},"end":{"line":30,"column":71}}},"2":{"name":"chooseAvailableEndDate","line":36,"loc":{"start":{"line":36,"column":29},"end":{"line":36,"column":68}}},"3":{"name":"chooseAvailableDate","line":40,"loc":{"start":{"line":40,"column":26},"end":{"line":40,"column":62}}},"4":{"name":"dateIsUnavailable","line":44,"loc":{"start":{"line":44,"column":24},"end":{"line":44,"column":58}}}},"statementMap":{"1":{"start":{"line":1,"column":0},"end":{"line":3,"column":3}},"2":{"start":{"line":4,"column":0},"end":{"line":4,"column":30}},"3":{"start":{"line":5,"column":0},"end":{"line":5,"column":91}},"4":{"start":{"line":6,"column":0},"end":{"line":6,"column":29}},"5":{"start":{"line":7,"column":0},"end":{"line":7,"column":31}},"6":{"start":{"line":8,"column":0},"end":{"line":8,"column":70}},"7":{"start":{"line":9,"column":0},"end":{"line":9,"column":65}},"8":{"start":{"line":10,"column":0},"end":{"line":10,"column":45}},"9":{"start":{"line":11,"column":0},"end":{"line":11,"column":69}},"10":{"start":{"line":12,"column":0},"end":{"line":12,"column":61}},"11":{"start":{"line":13,"column":0},"end":{"line":13,"column":38}},"12":{"start":{"line":14,"column":0},"end":{"line":14,"column":27}},"13":{"start":{"line":15,"column":0},"end":{"line":15,"column":54}},"14":{"start":{"line":16,"column":0},"end":{"line":16,"column":48}},"15":{"start":{"line":17,"column":0},"end":{"line":17,"column":50}},"16":{"start":{"line":18,"column":0},"end":{"line":18,"column":34}},"17":{"start":{"line":19,"column":0},"end":{"line":19,"column":26}},"18":{"start":{"line":20,"column":0},"end":{"line":20,"column":35}},"19":{"start":{"line":21,"column":0},"end":{"line":21,"column":51}},"20":{"start":{"line":22,"column":0},"end":{"line":22,"column":78}},"21":{"start":{"line":23,"column":0},"end":{"line":23,"column":77}},"22":{"start":{"line":24,"column":0},"end":{"line":24,"column":42}},"23":{"start":{"line":25,"column":0},"end":{"line":25,"column":75}},"24":{"start":{"line":26,"column":0},"end":{"line":26,"column":58}},"25":{"start":{"line":27,"column":0},"end":{"line":27,"column":194}},"26":{"start":{"line":30,"column":0},"end":{"line":33,"column":2}},"27":{"start":{"line":31,"column":2},"end":{"line":31,"column":23}},"28":{"start":{"line":32,"column":2},"end":{"line":32,"column":79}},"29":{"start":{"line":36,"column":0},"end":{"line":39,"column":2}},"30":{"start":{"line":37,"column":2},"end":{"line":37,"column":24}},"31":{"start":{"line":38,"column":2},"end":{"line":38,"column":80}},"32":{"start":{"line":40,"column":0},"end":{"line":43,"column":2}},"33":{"start":{"line":41,"column":2},"end":{"line":41,"column":24}},"34":{"start":{"line":42,"column":2},"end":{"line":42,"column":14}},"35":{"start":{"line":44,"column":0},"end":{"line":47,"column":2}},"36":{"start":{"line":45,"column":2},"end":{"line":45,"column":24}},"37":{"start":{"line":46,"column":2},"end":{"line":46,"column":42}},"38":{"start":{"line":49,"column":0},"end":{"line":78,"column":2}},"39":{"start":{"line":79,"column":0},"end":{"line":106,"column":2}},"40":{"start":{"line":108,"column":0},"end":{"line":112,"column":2}},"41":{"start":{"line":114,"column":0},"end":{"line":139,"column":2}},"42":{"start":{"line":141,"column":0},"end":{"line":144,"column":2}},"43":{"start":{"line":146,"column":0},"end":{"line":170,"column":2}},"44":{"start":{"line":172,"column":0},"end":{"line":190,"column":2}},"45":{"start":{"line":192,"column":0},"end":{"line":195,"column":2}},"46":{"start":{"line":197,"column":0},"end":{"line":200,"column":2}}},"branchMap":{},"code":["Object.defineProperty(exports, \"__esModule\", {","  value: true","});","var closeDatePicker = 'Close';","var focusStartDate = 'Interact with the calendar and add the check-in date for your trip.';","var clearDate = 'Clear Date';","var clearDates = 'Clear Dates';","var jumpToPrevMonth = 'Move backward to switch to the previous month';","var jumpToNextMonth = 'Move forward to switch to the next month';","var keyboardShortcuts = 'Keyboard Shortcuts';","var showKeyboardShortcutsPanel = 'Open the keyboard shortcuts panel';","var hideKeyboardShortcutsPanel = 'Close the shortcuts panel';","var openThisPanel = 'Open this panel';","var enterKey = 'Enter key';","var leftArrowRightArrow = 'Right and left arrow keys';","var upArrowDownArrow = 'up and down arrow keys';","var pageUpPageDown = 'page up and page down keys';","var homeEnd = 'Home and end keys';","var escape = 'Escape key';","var questionMark = 'Question mark';","var selectFocusedDate = 'Select the date in focus';","var moveFocusByOneDay = 'Move backward (left) and forward (right) by one day';","var moveFocusByOneWeek = 'Move backward (up) and forward (down) by one week';","var moveFocusByOneMonth = 'Switch months';","var moveFocustoStartAndEndOfWeek = 'Go to the first or last day of a week';","var returnFocusToInput = 'Return to the date input field';","var keyboardNavigationInstructions = 'Press the down arrow key to interact with the calendar and\\n  select a date. Press the question mark key to get the keyboard shortcuts for changing dates.';","","// eslint-disable-next-line camelcase","var chooseAvailableStartDate = function chooseAvailableStartDate(_ref) {","  var date = _ref.date;","  return 'Choose ' + String(date) + ' as your check-in date. It\\'s available.';","};","","// eslint-disable-next-line camelcase","var chooseAvailableEndDate = function chooseAvailableEndDate(_ref2) {","  var date = _ref2.date;","  return 'Choose ' + String(date) + ' as your check-out date. It\\'s available.';","};","var chooseAvailableDate = function chooseAvailableDate(_ref3) {","  var date = _ref3.date;","  return date;","};","var dateIsUnavailable = function dateIsUnavailable(_ref4) {","  var date = _ref4.date;","  return 'Not available. ' + String(date);","};","","exports['default'] = {","  closeDatePicker: closeDatePicker,","  focusStartDate: focusStartDate,","  clearDate: clearDate,","  clearDates: clearDates,","  jumpToPrevMonth: jumpToPrevMonth,","  jumpToNextMonth: jumpToNextMonth,","  keyboardShortcuts: keyboardShortcuts,","  showKeyboardShortcutsPanel: showKeyboardShortcutsPanel,","  hideKeyboardShortcutsPanel: hideKeyboardShortcutsPanel,","  openThisPanel: openThisPanel,","  enterKey: enterKey,","  leftArrowRightArrow: leftArrowRightArrow,","  upArrowDownArrow: upArrowDownArrow,","  pageUpPageDown: pageUpPageDown,","  homeEnd: homeEnd,","  escape: escape,","  questionMark: questionMark,","  selectFocusedDate: selectFocusedDate,","  moveFocusByOneDay: moveFocusByOneDay,","  moveFocusByOneWeek: moveFocusByOneWeek,","  moveFocusByOneMonth: moveFocusByOneMonth,","  moveFocustoStartAndEndOfWeek: moveFocustoStartAndEndOfWeek,","  returnFocusToInput: returnFocusToInput,","  keyboardNavigationInstructions: keyboardNavigationInstructions,","","  chooseAvailableStartDate: chooseAvailableStartDate,","  chooseAvailableEndDate: chooseAvailableEndDate,","  dateIsUnavailable: dateIsUnavailable","};","var DateRangePickerPhrases = exports.DateRangePickerPhrases = {","  closeDatePicker: closeDatePicker,","  clearDates: clearDates,","  focusStartDate: focusStartDate,","  jumpToPrevMonth: jumpToPrevMonth,","  jumpToNextMonth: jumpToNextMonth,","  keyboardShortcuts: keyboardShortcuts,","  showKeyboardShortcutsPanel: showKeyboardShortcutsPanel,","  hideKeyboardShortcutsPanel: hideKeyboardShortcutsPanel,","  openThisPanel: openThisPanel,","  enterKey: enterKey,","  leftArrowRightArrow: leftArrowRightArrow,","  upArrowDownArrow: upArrowDownArrow,","  pageUpPageDown: pageUpPageDown,","  homeEnd: homeEnd,","  escape: escape,","  questionMark: questionMark,","  selectFocusedDate: selectFocusedDate,","  moveFocusByOneDay: moveFocusByOneDay,","  moveFocusByOneWeek: moveFocusByOneWeek,","  moveFocusByOneMonth: moveFocusByOneMonth,","  moveFocustoStartAndEndOfWeek: moveFocustoStartAndEndOfWeek,","  returnFocusToInput: returnFocusToInput,","  keyboardNavigationInstructions: keyboardNavigationInstructions,","  chooseAvailableStartDate: chooseAvailableStartDate,","  chooseAvailableEndDate: chooseAvailableEndDate,","  dateIsUnavailable: dateIsUnavailable","};","","var DateRangePickerInputPhrases = exports.DateRangePickerInputPhrases = {","  focusStartDate: focusStartDate,","  clearDates: clearDates,","  keyboardNavigationInstructions: keyboardNavigationInstructions","};","","var SingleDatePickerPhrases = exports.SingleDatePickerPhrases = {","  closeDatePicker: closeDatePicker,","  clearDate: clearDate,","  jumpToPrevMonth: jumpToPrevMonth,","  jumpToNextMonth: jumpToNextMonth,","  keyboardShortcuts: keyboardShortcuts,","  showKeyboardShortcutsPanel: showKeyboardShortcutsPanel,","  hideKeyboardShortcutsPanel: hideKeyboardShortcutsPanel,","  openThisPanel: openThisPanel,","  enterKey: enterKey,","  leftArrowRightArrow: leftArrowRightArrow,","  upArrowDownArrow: upArrowDownArrow,","  pageUpPageDown: pageUpPageDown,","  homeEnd: homeEnd,","  escape: escape,","  questionMark: questionMark,","  selectFocusedDate: selectFocusedDate,","  moveFocusByOneDay: moveFocusByOneDay,","  moveFocusByOneWeek: moveFocusByOneWeek,","  moveFocusByOneMonth: moveFocusByOneMonth,","  moveFocustoStartAndEndOfWeek: moveFocustoStartAndEndOfWeek,","  returnFocusToInput: returnFocusToInput,","  keyboardNavigationInstructions: keyboardNavigationInstructions,","  chooseAvailableDate: chooseAvailableDate,","  dateIsUnavailable: dateIsUnavailable","};","","var SingleDatePickerInputPhrases = exports.SingleDatePickerInputPhrases = {","  clearDate: clearDate,","  keyboardNavigationInstructions: keyboardNavigationInstructions","};","","var DayPickerPhrases = exports.DayPickerPhrases = {","  jumpToPrevMonth: jumpToPrevMonth,","  jumpToNextMonth: jumpToNextMonth,","  keyboardShortcuts: keyboardShortcuts,","  showKeyboardShortcutsPanel: showKeyboardShortcutsPanel,","  hideKeyboardShortcutsPanel: hideKeyboardShortcutsPanel,","  openThisPanel: openThisPanel,","  enterKey: enterKey,","  leftArrowRightArrow: leftArrowRightArrow,","  upArrowDownArrow: upArrowDownArrow,","  pageUpPageDown: pageUpPageDown,","  homeEnd: homeEnd,","  escape: escape,","  questionMark: questionMark,","  selectFocusedDate: selectFocusedDate,","  moveFocusByOneDay: moveFocusByOneDay,","  moveFocusByOneWeek: moveFocusByOneWeek,","  moveFocusByOneMonth: moveFocusByOneMonth,","  moveFocustoStartAndEndOfWeek: moveFocustoStartAndEndOfWeek,","  returnFocusToInput: returnFocusToInput,","  chooseAvailableStartDate: chooseAvailableStartDate,","  chooseAvailableEndDate: chooseAvailableEndDate,","  chooseAvailableDate: chooseAvailableDate,","  dateIsUnavailable: dateIsUnavailable","};","","var DayPickerKeyboardShortcutsPhrases = exports.DayPickerKeyboardShortcutsPhrases = {","  keyboardShortcuts: keyboardShortcuts,","  showKeyboardShortcutsPanel: showKeyboardShortcutsPanel,","  hideKeyboardShortcutsPanel: hideKeyboardShortcutsPanel,","  openThisPanel: openThisPanel,","  enterKey: enterKey,","  leftArrowRightArrow: leftArrowRightArrow,","  upArrowDownArrow: upArrowDownArrow,","  pageUpPageDown: pageUpPageDown,","  homeEnd: homeEnd,","  escape: escape,","  questionMark: questionMark,","  selectFocusedDate: selectFocusedDate,","  moveFocusByOneDay: moveFocusByOneDay,","  moveFocusByOneWeek: moveFocusByOneWeek,","  moveFocusByOneMonth: moveFocusByOneMonth,","  moveFocustoStartAndEndOfWeek: moveFocustoStartAndEndOfWeek,","  returnFocusToInput: returnFocusToInput","};","","var DayPickerNavigationPhrases = exports.DayPickerNavigationPhrases = {","  jumpToPrevMonth: jumpToPrevMonth,","  jumpToNextMonth: jumpToNextMonth","};","","var CalendarDayPhrases = exports.CalendarDayPhrases = {","  chooseAvailableDate: chooseAvailableDate,","  dateIsUnavailable: dateIsUnavailable","};"],"l":{"1":1,"4":1,"5":1,"6":1,"7":1,"8":1,"9":1,"10":1,"11":1,"12":1,"13":1,"14":1,"15":1,"16":1,"17":1,"18":1,"19":1,"20":1,"21":1,"22":1,"23":1,"24":1,"25":1,"26":1,"27":1,"30":1,"31":0,"32":0,"36":1,"37":0,"38":0,"40":1,"41":0,"42":0,"44":1,"45":0,"46":0,"49":1,"79":1,"108":1,"114":1,"141":1,"146":1,"172":1,"192":1,"197":1}},"/home/travis/build/npmtest/node-npmtest-react-dates/node_modules/react-dates/webpack.config.js":{"path":"/home/travis/build/npmtest/node-npmtest-react-dates/node_modules/react-dates/webpack.config.js","s":{"1":1,"2":1,"3":1,"4":1,"5":1,"6":1,"7":1,"8":14,"9":14,"10":14,"11":14,"12":1,"13":0,"14":0,"15":0,"16":0,"17":0},"b":{"1":[0,0],"2":[0,0]},"f":{"1":0},"fnMap":{"1":{"name":"(anonymous_1)","line":23,"loc":{"start":{"line":23,"column":11},"end":{"line":23,"column":40}}}},"statementMap":{"1":{"start":{"line":1,"column":0},"end":{"line":1,"column":29}},"2":{"start":{"line":2,"column":0},"end":{"line":2,"column":25}},"3":{"start":{"line":4,"column":0},"end":{"line":4,"column":60}},"4":{"start":{"line":5,"column":0},"end":{"line":5,"column":45}},"5":{"start":{"line":7,"column":0},"end":{"line":7,"column":17}},"6":{"start":{"line":8,"column":0},"end":{"line":8,"column":19}},"7":{"start":{"line":9,"column":0},"end":{"line":14,"column":3}},"8":{"start":{"line":10,"column":2},"end":{"line":10,"column":39}},"9":{"start":{"line":11,"column":2},"end":{"line":11,"column":42}},"10":{"start":{"line":12,"column":2},"end":{"line":12,"column":19}},"11":{"start":{"line":13,"column":2},"end":{"line":13,"column":23}},"12":{"start":{"line":16,"column":0},"end":{"line":60,"column":2}},"13":{"start":{"line":25,"column":4},"end":{"line":27,"column":5}},"14":{"start":{"line":26,"column":6},"end":{"line":26,"column":35}},"15":{"start":{"line":29,"column":4},"end":{"line":31,"column":5}},"16":{"start":{"line":30,"column":6},"end":{"line":30,"column":35}},"17":{"start":{"line":33,"column":4},"end":{"line":33,"column":32}}},"branchMap":{"1":{"line":25,"type":"if","locations":[{"start":{"line":25,"column":4},"end":{"line":25,"column":4}},{"start":{"line":25,"column":4},"end":{"line":25,"column":4}}]},"2":{"line":29,"type":"if","locations":[{"start":{"line":29,"column":4},"end":{"line":29,"column":4}},{"start":{"line":29,"column":4},"end":{"line":29,"column":4}}]}},"code":["const path = require('path');","const fs = require('fs');","","const srcFolder = path.join(__dirname, 'src', 'components');","const components = fs.readdirSync(srcFolder);","","const files = [];","const entries = {};","components.forEach(component => {","  const name = component.split('.')[0];","  const file = `./src/components/${name}`;","  files.push(file);","  entries[name] = file;","});","","module.exports = {","  entry: entries,","  output: {","    filename: '[name].js',","    path: './lib/components/',","    libraryTarget: 'commonjs2',","  },","  externals(context, request, callback) {","    // Do not treat icon files as external","    if (files.indexOf(request) > -1) {","      return callback(null, false);","    }","    // Do not treat SVG files as external","    if (/svg$/.test(request)) {","      return callback(null, false);","    }","    // Treat all other files as external","    return callback(null, true);","  },","  module: {","    loaders: [","      {","        test: /\\.js/,","        loader: 'babel-loader',","        include: path.join(__dirname, 'src'),","        query: {","          presets: ['airbnb']","        }","      },","      {","        test: /\\.jsx/,","        loader: 'babel-loader',","        include: path.join(__dirname, 'src'),","        query: {","          presets: ['airbnb']","        }","      },","      // react-svg loads svg files as react components","      { test: /\\.svg$/, loader: 'babel!react-svg', include: path.join(__dirname, 'src') },","    ],","  },","  resolve: {","    extensions: ['', '.js', '.jsx'],","  },","};",""],"l":{"1":1,"2":1,"4":1,"5":1,"7":1,"8":1,"9":1,"10":14,"11":14,"12":14,"13":14,"16":1,"25":0,"26":0,"29":0,"30":0,"33":0}}}